2017-07-14 14:03:45,016 INFO o.a.j.u.JMeterUtils: Setting Locale to en_US
2017-07-14 14:03:45,031 INFO o.a.j.JMeter: Loading user properties from: /usr/local/Cellar/jmeter/3.2/libexec/bin/user.properties
2017-07-14 14:03:45,032 INFO o.a.j.JMeter: Loading system properties from: /usr/local/Cellar/jmeter/3.2/libexec/bin/system.properties
2017-07-14 14:03:45,039 INFO o.a.j.JMeter: Copyright (c) 1998-2017 The Apache Software Foundation
2017-07-14 14:03:45,039 INFO o.a.j.JMeter: Version 3.2 r1790748
2017-07-14 14:03:45,039 INFO o.a.j.JMeter: java.version=1.8.0_131
2017-07-14 14:03:45,039 INFO o.a.j.JMeter: java.vm.name=Java HotSpot(TM) 64-Bit Server VM
2017-07-14 14:03:45,039 INFO o.a.j.JMeter: os.name=Mac OS X
2017-07-14 14:03:45,039 INFO o.a.j.JMeter: os.arch=x86_64
2017-07-14 14:03:45,039 INFO o.a.j.JMeter: os.version=10.12.5
2017-07-14 14:03:45,039 INFO o.a.j.JMeter: file.encoding=UTF-8
2017-07-14 14:03:45,039 INFO o.a.j.JMeter: Max memory     =536870912
2017-07-14 14:03:45,039 INFO o.a.j.JMeter: Available Processors =4
2017-07-14 14:03:45,043 INFO o.a.j.JMeter: Default Locale=English (United States)
2017-07-14 14:03:45,043 INFO o.a.j.JMeter: JMeter  Locale=English (United States)
2017-07-14 14:03:45,044 INFO o.a.j.JMeter: JMeterHome=/usr/local/Cellar/jmeter/3.2/libexec
2017-07-14 14:03:45,044 INFO o.a.j.JMeter: user.dir  =/Users/ryanbrady/fpc-2/fpc
2017-07-14 14:03:45,044 INFO o.a.j.JMeter: PWD       =/Users/ryanbrady/fpc-2/fpc
2017-07-14 14:03:50,048 INFO o.a.j.JMeter: IP: 10.215.236.242 Name: Ryans-MacBook-Pro.local FullName: 10.215.236.242
2017-07-14 14:03:51,929 INFO o.a.j.g.a.LookAndFeelCommand: Using look and feel: com.apple.laf.AquaLookAndFeel [Mac OS X, System]
2017-07-14 14:03:51,935 INFO o.a.j.JMeter: Loaded icon properties from org/apache/jmeter/images/icon.properties
2017-07-14 14:03:52,616 INFO o.a.j.e.u.CompoundVariable: Note: Function class names must contain the string: '.functions.'
2017-07-14 14:03:52,616 INFO o.a.j.e.u.CompoundVariable: Note: Function class names must not contain the string: '.gui.'
2017-07-14 14:03:54,012 INFO o.a.j.g.u.MenuFactory: Skipping org.apache.jmeter.assertions.BSFAssertion
2017-07-14 14:03:54,512 INFO o.a.j.g.u.MenuFactory: Skipping org.apache.jmeter.extractor.BSFPostProcessor
2017-07-14 14:03:54,557 INFO o.a.j.g.u.MenuFactory: Skipping org.apache.jmeter.modifiers.BSFPreProcessor
2017-07-14 14:03:54,597 INFO o.a.j.p.h.s.HTTPSamplerBase: Parser for text/html is org.apache.jmeter.protocol.http.parser.LagartoBasedHtmlParser
2017-07-14 14:03:54,598 INFO o.a.j.p.h.s.HTTPSamplerBase: Parser for application/xhtml+xml is org.apache.jmeter.protocol.http.parser.LagartoBasedHtmlParser
2017-07-14 14:03:54,598 INFO o.a.j.p.h.s.HTTPSamplerBase: Parser for application/xml is org.apache.jmeter.protocol.http.parser.LagartoBasedHtmlParser
2017-07-14 14:03:54,598 INFO o.a.j.p.h.s.HTTPSamplerBase: Parser for text/xml is org.apache.jmeter.protocol.http.parser.LagartoBasedHtmlParser
2017-07-14 14:03:54,598 INFO o.a.j.p.h.s.HTTPSamplerBase: Parser for text/vnd.wap.wml is org.apache.jmeter.protocol.http.parser.RegexpHTMLParser
2017-07-14 14:03:54,598 INFO o.a.j.p.h.s.HTTPSamplerBase: Parser for text/css is org.apache.jmeter.protocol.http.parser.CssParser
2017-07-14 14:03:55,132 INFO o.a.j.e.KeyToolUtils: keytool found at 'keytool'
2017-07-14 14:03:55,133 INFO o.a.j.p.h.p.ProxyControl: HTTP(S) Test Script Recorder SSL Proxy will use keys that support embedded 3rd party resources in file /usr/local/Cellar/jmeter/3.2/libexec/bin/proxyserver.jks
2017-07-14 14:03:55,273 INFO o.a.j.g.u.MenuFactory: Skipping org.apache.jmeter.protocol.java.sampler.BSFSampler
2017-07-14 14:03:55,317 INFO o.a.j.s.FileServer: Default base='/Users/ryanbrady/fpc-2/fpc'
2017-07-14 14:03:55,409 INFO o.a.j.g.u.MenuFactory: Skipping org.apache.jmeter.protocol.mongodb.config.MongoSourceElement
2017-07-14 14:03:55,409 INFO o.a.j.g.u.MenuFactory: Skipping org.apache.jmeter.protocol.mongodb.sampler.MongoScriptSampler
2017-07-14 14:03:55,561 INFO o.a.j.g.u.MenuFactory: Skipping org.apache.jmeter.timers.BSFTimer
2017-07-14 14:03:55,603 INFO o.a.j.g.u.MenuFactory: Skipping org.apache.jmeter.visualizers.BSFListener
2017-07-14 14:03:55,781 INFO o.a.j.s.SampleResult: Note: Sample TimeStamps are START times
2017-07-14 14:03:55,782 INFO o.a.j.s.SampleResult: sampleresult.default.encoding is set to ISO-8859-1
2017-07-14 14:03:55,782 INFO o.a.j.s.SampleResult: sampleresult.useNanoTime=true
2017-07-14 14:03:55,782 INFO o.a.j.s.SampleResult: sampleresult.nanoThreadSleep=5000
2017-07-14 14:04:01,663 INFO o.a.j.g.a.Load: Loading file: /Users/ryanbrady/fpc-2/fpc/jmeter/FPC Agent - LoadTest.jmx
2017-07-14 14:04:01,670 INFO o.a.j.s.FileServer: Set new base='/Users/ryanbrady/fpc-2/fpc/jmeter'
2017-07-14 14:04:01,790 INFO o.a.j.s.SaveService: Testplan (JMX) version: 2.2. Testlog (JTL) version: 2.2
2017-07-14 14:04:01,805 INFO o.a.j.s.SaveService: Using SaveService properties file encoding UTF-8
2017-07-14 14:04:01,807 INFO o.a.j.s.SaveService: Using SaveService properties version 3.2
2017-07-14 14:04:01,810 INFO o.a.j.s.SaveService: Loading file: /Users/ryanbrady/fpc-2/fpc/jmeter/FPC Agent - LoadTest.jmx
2017-07-14 14:04:02,095 INFO o.a.j.s.FileServer: Set new base='/Users/ryanbrady/fpc-2/fpc/jmeter'
2017-07-14 14:05:17,009 INFO o.a.j.e.StandardJMeterEngine: Running the test!
2017-07-14 14:05:17,021 INFO o.a.j.s.SampleEvent: List of sample_variables: []
2017-07-14 14:05:17,021 INFO o.a.j.s.SampleEvent: List of sample_variables: []
2017-07-14 14:05:17,030 INFO o.a.j.g.u.JMeterMenuBar: setRunning(true, *local*)
2017-07-14 14:05:17,369 INFO o.a.j.e.StandardJMeterEngine: Starting ThreadGroup: 1 : 3GPP Contexts
2017-07-14 14:05:17,371 INFO o.a.j.e.StandardJMeterEngine: Starting 20 threads for group 3GPP Contexts.
2017-07-14 14:05:17,371 INFO o.a.j.e.StandardJMeterEngine: Thread will continue on error
2017-07-14 14:05:17,373 INFO o.a.j.t.ThreadGroup: Starting thread group... number=1 threads=20 ramp-up=1 perThread=50.0 delayedStart=false
2017-07-14 14:05:17,422 INFO o.a.j.t.JMeterThread: Thread started: 3GPP Contexts 1-1
2017-07-14 14:05:17,433 INFO o.a.j.t.ThreadGroup: Started thread group number 1
2017-07-14 14:05:17,433 INFO o.a.j.e.StandardJMeterEngine: All thread groups have been started
2017-07-14 14:05:17,469 INFO o.a.j.p.h.s.HTTPHCAbstractImpl: Local host = Ryans-MacBook-Pro.local
2017-07-14 14:05:17,475 INFO o.a.j.p.h.s.HTTPHC4Impl: HTTP request retry count = 0
2017-07-14 14:05:17,478 INFO o.a.j.t.JMeterThread: Thread started: 3GPP Contexts 1-2
2017-07-14 14:05:17,530 INFO o.a.j.t.JMeterThread: Thread started: 3GPP Contexts 1-3
2017-07-14 14:05:17,574 INFO o.a.j.t.JMeterThread: Thread started: 3GPP Contexts 1-4
2017-07-14 14:05:17,625 INFO o.a.j.t.JMeterThread: Thread started: 3GPP Contexts 1-5
2017-07-14 14:05:17,674 INFO o.a.j.t.JMeterThread: Thread started: 3GPP Contexts 1-6
2017-07-14 14:05:17,730 INFO o.a.j.t.JMeterThread: Thread started: 3GPP Contexts 1-7
2017-07-14 14:05:17,777 INFO o.a.j.t.JMeterThread: Thread started: 3GPP Contexts 1-8
2017-07-14 14:05:17,824 INFO o.a.j.t.JMeterThread: Thread started: 3GPP Contexts 1-9
2017-07-14 14:05:17,882 INFO o.a.j.t.JMeterThread: Thread started: 3GPP Contexts 1-10
2017-07-14 14:05:17,926 INFO o.a.j.t.JMeterThread: Thread started: 3GPP Contexts 1-11
2017-07-14 14:05:17,977 INFO o.a.j.t.JMeterThread: Thread started: 3GPP Contexts 1-12
2017-07-14 14:05:18,027 INFO o.a.j.t.JMeterThread: Thread started: 3GPP Contexts 1-13
2017-07-14 14:05:18,079 INFO o.a.j.t.JMeterThread: Thread started: 3GPP Contexts 1-14
2017-07-14 14:05:18,128 INFO o.a.j.t.JMeterThread: Thread started: 3GPP Contexts 1-15
2017-07-14 14:05:18,179 INFO o.a.j.t.JMeterThread: Thread started: 3GPP Contexts 1-16
2017-07-14 14:05:18,231 INFO o.a.j.t.JMeterThread: Thread started: 3GPP Contexts 1-17
2017-07-14 14:05:18,285 INFO o.a.j.t.JMeterThread: Thread started: 3GPP Contexts 1-18
2017-07-14 14:05:18,333 INFO o.a.j.t.JMeterThread: Thread started: 3GPP Contexts 1-19
2017-07-14 14:05:18,383 INFO o.a.j.t.JMeterThread: Thread started: 3GPP Contexts 1-20
2017-07-14 14:05:30,969 INFO o.a.j.t.JMeterThread: Thread is done: 3GPP Contexts 1-16
2017-07-14 14:05:30,978 INFO o.a.j.t.JMeterThread: Thread finished: 3GPP Contexts 1-16
2017-07-14 14:05:31,261 INFO o.a.j.t.JMeterThread: Thread is done: 3GPP Contexts 1-3
2017-07-14 14:05:31,262 INFO o.a.j.t.JMeterThread: Thread finished: 3GPP Contexts 1-3
2017-07-14 14:05:31,271 INFO o.a.j.t.JMeterThread: Thread is done: 3GPP Contexts 1-1
2017-07-14 14:05:31,271 INFO o.a.j.t.JMeterThread: Thread finished: 3GPP Contexts 1-1
2017-07-14 14:05:31,388 INFO o.a.j.t.JMeterThread: Thread is done: 3GPP Contexts 1-14
2017-07-14 14:05:31,388 INFO o.a.j.t.JMeterThread: Thread finished: 3GPP Contexts 1-14
2017-07-14 14:05:31,406 INFO o.a.j.t.JMeterThread: Thread is done: 3GPP Contexts 1-2
2017-07-14 14:05:31,406 INFO o.a.j.t.JMeterThread: Thread finished: 3GPP Contexts 1-2
2017-07-14 14:05:31,484 INFO o.a.j.t.JMeterThread: Thread is done: 3GPP Contexts 1-6
2017-07-14 14:05:31,484 INFO o.a.j.t.JMeterThread: Thread finished: 3GPP Contexts 1-6
2017-07-14 14:05:31,518 INFO o.a.j.t.JMeterThread: Thread is done: 3GPP Contexts 1-7
2017-07-14 14:05:31,518 INFO o.a.j.t.JMeterThread: Thread finished: 3GPP Contexts 1-7
2017-07-14 14:05:31,530 INFO o.a.j.t.JMeterThread: Thread is done: 3GPP Contexts 1-11
2017-07-14 14:05:31,530 INFO o.a.j.t.JMeterThread: Thread finished: 3GPP Contexts 1-11
2017-07-14 14:05:31,619 INFO o.a.j.t.JMeterThread: Thread is done: 3GPP Contexts 1-12
2017-07-14 14:05:31,619 INFO o.a.j.t.JMeterThread: Thread finished: 3GPP Contexts 1-12
2017-07-14 14:05:31,852 INFO o.a.j.t.JMeterThread: Thread is done: 3GPP Contexts 1-4
2017-07-14 14:05:31,852 INFO o.a.j.t.JMeterThread: Thread finished: 3GPP Contexts 1-4
2017-07-14 14:05:31,855 INFO o.a.j.t.JMeterThread: Thread is done: 3GPP Contexts 1-13
2017-07-14 14:05:31,855 INFO o.a.j.t.JMeterThread: Thread finished: 3GPP Contexts 1-13
2017-07-14 14:05:31,961 INFO o.a.j.t.JMeterThread: Thread is done: 3GPP Contexts 1-5
2017-07-14 14:05:31,962 INFO o.a.j.t.JMeterThread: Thread finished: 3GPP Contexts 1-5
2017-07-14 14:05:32,039 INFO o.a.j.t.JMeterThread: Thread is done: 3GPP Contexts 1-8
2017-07-14 14:05:32,040 INFO o.a.j.t.JMeterThread: Thread finished: 3GPP Contexts 1-8
2017-07-14 14:05:32,074 INFO o.a.j.t.JMeterThread: Thread is done: 3GPP Contexts 1-20
2017-07-14 14:05:32,075 INFO o.a.j.t.JMeterThread: Thread finished: 3GPP Contexts 1-20
2017-07-14 14:05:32,101 INFO o.a.j.t.JMeterThread: Thread is done: 3GPP Contexts 1-9
2017-07-14 14:05:32,101 INFO o.a.j.t.JMeterThread: Thread finished: 3GPP Contexts 1-9
2017-07-14 14:05:32,105 INFO o.a.j.t.JMeterThread: Thread is done: 3GPP Contexts 1-10
2017-07-14 14:05:32,106 INFO o.a.j.t.JMeterThread: Thread finished: 3GPP Contexts 1-10
2017-07-14 14:05:32,235 INFO o.a.j.t.JMeterThread: Thread is done: 3GPP Contexts 1-19
2017-07-14 14:05:32,235 INFO o.a.j.t.JMeterThread: Thread finished: 3GPP Contexts 1-19
2017-07-14 14:05:32,253 INFO o.a.j.t.JMeterThread: Thread is done: 3GPP Contexts 1-15
2017-07-14 14:05:32,254 INFO o.a.j.t.JMeterThread: Thread finished: 3GPP Contexts 1-15
2017-07-14 14:05:32,276 INFO o.a.j.t.JMeterThread: Thread is done: 3GPP Contexts 1-17
2017-07-14 14:05:32,276 INFO o.a.j.t.JMeterThread: Thread finished: 3GPP Contexts 1-17
2017-07-14 14:05:32,613 INFO o.a.j.t.JMeterThread: Thread is done: 3GPP Contexts 1-18
2017-07-14 14:05:32,613 INFO o.a.j.t.JMeterThread: Thread finished: 3GPP Contexts 1-18
2017-07-14 14:05:32,614 INFO o.a.j.e.StandardJMeterEngine: Notifying test listeners of end of test
2017-07-14 14:05:32,614 INFO o.a.j.g.u.JMeterMenuBar: setRunning(false, *local*)
2017-07-14 14:06:02,934 INFO o.a.j.e.StandardJMeterEngine: Running the test!
2017-07-14 14:06:02,944 INFO o.a.j.s.SampleEvent: List of sample_variables: []
2017-07-14 14:06:02,964 INFO o.a.j.g.u.JMeterMenuBar: setRunning(true, *local*)
2017-07-14 14:06:03,153 INFO o.a.j.e.StandardJMeterEngine: Starting ThreadGroup: 1 : 3GPP Contexts
2017-07-14 14:06:03,153 INFO o.a.j.e.StandardJMeterEngine: Starting 20 threads for group 3GPP Contexts.
2017-07-14 14:06:03,153 INFO o.a.j.e.StandardJMeterEngine: Thread will continue on error
2017-07-14 14:06:03,153 INFO o.a.j.t.ThreadGroup: Starting thread group... number=1 threads=20 ramp-up=1 perThread=50.0 delayedStart=false
2017-07-14 14:06:03,156 INFO o.a.j.t.JMeterThread: Thread started: 3GPP Contexts 1-1
2017-07-14 14:06:03,183 INFO o.a.j.t.ThreadGroup: Started thread group number 1
2017-07-14 14:06:03,183 INFO o.a.j.e.StandardJMeterEngine: All thread groups have been started
2017-07-14 14:06:03,207 INFO o.a.j.t.JMeterThread: Thread started: 3GPP Contexts 1-2
2017-07-14 14:06:03,263 INFO o.a.j.t.JMeterThread: Thread started: 3GPP Contexts 1-3
2017-07-14 14:06:03,316 INFO o.a.j.t.JMeterThread: Thread started: 3GPP Contexts 1-4
2017-07-14 14:06:03,374 INFO o.a.j.t.JMeterThread: Thread started: 3GPP Contexts 1-5
2017-07-14 14:06:03,425 INFO o.a.j.t.JMeterThread: Thread started: 3GPP Contexts 1-6
2017-07-14 14:06:03,477 INFO o.a.j.t.JMeterThread: Thread started: 3GPP Contexts 1-7
2017-07-14 14:06:03,528 INFO o.a.j.t.JMeterThread: Thread started: 3GPP Contexts 1-8
2017-07-14 14:06:03,578 INFO o.a.j.t.JMeterThread: Thread started: 3GPP Contexts 1-9
2017-07-14 14:06:03,628 INFO o.a.j.t.JMeterThread: Thread started: 3GPP Contexts 1-10
2017-07-14 14:06:03,679 INFO o.a.j.t.JMeterThread: Thread started: 3GPP Contexts 1-11
2017-07-14 14:06:03,729 INFO o.a.j.t.JMeterThread: Thread started: 3GPP Contexts 1-12
2017-07-14 14:06:03,782 INFO o.a.j.t.JMeterThread: Thread started: 3GPP Contexts 1-13
2017-07-14 14:06:03,830 INFO o.a.j.t.JMeterThread: Thread started: 3GPP Contexts 1-14
2017-07-14 14:06:03,882 INFO o.a.j.t.JMeterThread: Thread started: 3GPP Contexts 1-15
2017-07-14 14:06:03,934 INFO o.a.j.t.JMeterThread: Thread started: 3GPP Contexts 1-16
2017-07-14 14:06:03,984 INFO o.a.j.t.JMeterThread: Thread started: 3GPP Contexts 1-17
2017-07-14 14:06:04,032 INFO o.a.j.t.JMeterThread: Thread started: 3GPP Contexts 1-18
2017-07-14 14:06:04,084 INFO o.a.j.t.JMeterThread: Thread started: 3GPP Contexts 1-19
2017-07-14 14:06:04,136 INFO o.a.j.t.JMeterThread: Thread started: 3GPP Contexts 1-20
2017-07-14 14:06:16,643 INFO o.a.j.t.JMeterThread: Thread is done: 3GPP Contexts 1-7
2017-07-14 14:06:16,651 INFO o.a.j.t.JMeterThread: Thread finished: 3GPP Contexts 1-7
2017-07-14 14:06:16,833 INFO o.a.j.t.JMeterThread: Thread is done: 3GPP Contexts 1-9
2017-07-14 14:06:16,833 INFO o.a.j.t.JMeterThread: Thread finished: 3GPP Contexts 1-9
2017-07-14 14:06:16,871 INFO o.a.j.t.JMeterThread: Thread is done: 3GPP Contexts 1-8
2017-07-14 14:06:16,871 INFO o.a.j.t.JMeterThread: Thread finished: 3GPP Contexts 1-8
2017-07-14 14:06:16,963 INFO o.a.j.t.JMeterThread: Thread is done: 3GPP Contexts 1-1
2017-07-14 14:06:16,963 INFO o.a.j.t.JMeterThread: Thread finished: 3GPP Contexts 1-1
2017-07-14 14:06:17,051 INFO o.a.j.t.JMeterThread: Thread is done: 3GPP Contexts 1-2
2017-07-14 14:06:17,052 INFO o.a.j.t.JMeterThread: Thread finished: 3GPP Contexts 1-2
2017-07-14 14:06:17,150 INFO o.a.j.t.JMeterThread: Thread is done: 3GPP Contexts 1-11
2017-07-14 14:06:17,151 INFO o.a.j.t.JMeterThread: Thread finished: 3GPP Contexts 1-11
2017-07-14 14:06:17,308 INFO o.a.j.t.JMeterThread: Thread is done: 3GPP Contexts 1-12
2017-07-14 14:06:17,308 INFO o.a.j.t.JMeterThread: Thread finished: 3GPP Contexts 1-12
2017-07-14 14:06:17,410 INFO o.a.j.t.JMeterThread: Thread is done: 3GPP Contexts 1-15
2017-07-14 14:06:17,411 INFO o.a.j.t.JMeterThread: Thread finished: 3GPP Contexts 1-15
2017-07-14 14:06:17,493 INFO o.a.j.t.JMeterThread: Thread is done: 3GPP Contexts 1-6
2017-07-14 14:06:17,493 INFO o.a.j.t.JMeterThread: Thread finished: 3GPP Contexts 1-6
2017-07-14 14:06:17,509 INFO o.a.j.t.JMeterThread: Thread is done: 3GPP Contexts 1-5
2017-07-14 14:06:17,509 INFO o.a.j.t.JMeterThread: Thread finished: 3GPP Contexts 1-5
2017-07-14 14:06:17,562 INFO o.a.j.t.JMeterThread: Thread is done: 3GPP Contexts 1-4
2017-07-14 14:06:17,562 INFO o.a.j.t.JMeterThread: Thread finished: 3GPP Contexts 1-4
2017-07-14 14:06:17,678 INFO o.a.j.t.JMeterThread: Thread is done: 3GPP Contexts 1-10
2017-07-14 14:06:17,679 INFO o.a.j.t.JMeterThread: Thread finished: 3GPP Contexts 1-10
2017-07-14 14:06:17,721 INFO o.a.j.t.JMeterThread: Thread is done: 3GPP Contexts 1-3
2017-07-14 14:06:17,722 INFO o.a.j.t.JMeterThread: Thread finished: 3GPP Contexts 1-3
2017-07-14 14:06:17,839 INFO o.a.j.t.JMeterThread: Thread is done: 3GPP Contexts 1-14
2017-07-14 14:06:17,839 INFO o.a.j.t.JMeterThread: Thread finished: 3GPP Contexts 1-14
2017-07-14 14:06:17,988 INFO o.a.j.t.JMeterThread: Thread is done: 3GPP Contexts 1-17
2017-07-14 14:06:17,988 INFO o.a.j.t.JMeterThread: Thread finished: 3GPP Contexts 1-17
2017-07-14 14:06:18,018 INFO o.a.j.t.JMeterThread: Thread is done: 3GPP Contexts 1-13
2017-07-14 14:06:18,019 INFO o.a.j.t.JMeterThread: Thread finished: 3GPP Contexts 1-13
2017-07-14 14:06:18,187 INFO o.a.j.t.JMeterThread: Thread is done: 3GPP Contexts 1-18
2017-07-14 14:06:18,187 INFO o.a.j.t.JMeterThread: Thread finished: 3GPP Contexts 1-18
2017-07-14 14:06:18,349 INFO o.a.j.t.JMeterThread: Thread is done: 3GPP Contexts 1-16
2017-07-14 14:06:18,349 INFO o.a.j.t.JMeterThread: Thread finished: 3GPP Contexts 1-16
2017-07-14 14:06:18,485 INFO o.a.j.t.JMeterThread: Thread is done: 3GPP Contexts 1-19
2017-07-14 14:06:18,485 INFO o.a.j.t.JMeterThread: Thread finished: 3GPP Contexts 1-19
2017-07-14 14:06:19,121 INFO o.a.j.t.JMeterThread: Thread is done: 3GPP Contexts 1-20
2017-07-14 14:06:19,121 INFO o.a.j.t.JMeterThread: Thread finished: 3GPP Contexts 1-20
2017-07-14 14:06:19,121 INFO o.a.j.e.StandardJMeterEngine: Notifying test listeners of end of test
2017-07-14 14:06:19,122 INFO o.a.j.g.u.JMeterMenuBar: setRunning(false, *local*)
2017-07-14 14:07:37,565 INFO o.a.j.e.StandardJMeterEngine: Running the test!
2017-07-14 14:07:37,575 INFO o.a.j.s.SampleEvent: List of sample_variables: []
2017-07-14 14:07:37,579 INFO o.a.j.g.u.JMeterMenuBar: setRunning(true, *local*)
2017-07-14 14:07:37,769 INFO o.a.j.e.StandardJMeterEngine: Starting ThreadGroup: 1 : 3GPP Contexts
2017-07-14 14:07:37,770 INFO o.a.j.e.StandardJMeterEngine: Starting 20 threads for group 3GPP Contexts.
2017-07-14 14:07:37,770 INFO o.a.j.e.StandardJMeterEngine: Thread will continue on error
2017-07-14 14:07:37,770 INFO o.a.j.t.ThreadGroup: Starting thread group... number=1 threads=20 ramp-up=1 perThread=50.0 delayedStart=false
2017-07-14 14:07:37,771 INFO o.a.j.t.JMeterThread: Thread started: 3GPP Contexts 1-1
2017-07-14 14:07:37,786 INFO o.a.j.t.ThreadGroup: Started thread group number 1
2017-07-14 14:07:37,786 INFO o.a.j.e.StandardJMeterEngine: All thread groups have been started
2017-07-14 14:07:37,822 INFO o.a.j.t.JMeterThread: Thread started: 3GPP Contexts 1-2
2017-07-14 14:07:37,872 INFO o.a.j.t.JMeterThread: Thread started: 3GPP Contexts 1-3
2017-07-14 14:07:37,924 INFO o.a.j.t.JMeterThread: Thread started: 3GPP Contexts 1-4
2017-07-14 14:07:37,973 INFO o.a.j.t.JMeterThread: Thread started: 3GPP Contexts 1-5
2017-07-14 14:07:38,023 INFO o.a.j.t.JMeterThread: Thread started: 3GPP Contexts 1-6
2017-07-14 14:07:38,077 INFO o.a.j.t.JMeterThread: Thread started: 3GPP Contexts 1-7
2017-07-14 14:07:38,126 INFO o.a.j.t.JMeterThread: Thread started: 3GPP Contexts 1-8
2017-07-14 14:07:38,174 INFO o.a.j.t.JMeterThread: Thread started: 3GPP Contexts 1-9
2017-07-14 14:07:38,224 INFO o.a.j.t.JMeterThread: Thread started: 3GPP Contexts 1-10
2017-07-14 14:07:38,275 INFO o.a.j.t.JMeterThread: Thread started: 3GPP Contexts 1-11
2017-07-14 14:07:38,328 INFO o.a.j.t.JMeterThread: Thread started: 3GPP Contexts 1-12
2017-07-14 14:07:38,382 INFO o.a.j.t.JMeterThread: Thread started: 3GPP Contexts 1-13
2017-07-14 14:07:38,429 INFO o.a.j.t.JMeterThread: Thread started: 3GPP Contexts 1-14
2017-07-14 14:07:38,482 INFO o.a.j.t.JMeterThread: Thread started: 3GPP Contexts 1-15
2017-07-14 14:07:38,531 INFO o.a.j.t.JMeterThread: Thread started: 3GPP Contexts 1-16
2017-07-14 14:07:38,585 INFO o.a.j.t.JMeterThread: Thread started: 3GPP Contexts 1-17
2017-07-14 14:07:38,639 INFO o.a.j.t.JMeterThread: Thread started: 3GPP Contexts 1-18
2017-07-14 14:07:38,690 INFO o.a.j.t.JMeterThread: Thread started: 3GPP Contexts 1-19
2017-07-14 14:07:38,737 INFO o.a.j.t.JMeterThread: Thread started: 3GPP Contexts 1-20
2017-07-14 14:07:50,507 INFO o.a.j.t.JMeterThread: Thread is done: 3GPP Contexts 1-4
2017-07-14 14:07:50,516 INFO o.a.j.t.JMeterThread: Thread finished: 3GPP Contexts 1-4
2017-07-14 14:07:50,619 INFO o.a.j.t.JMeterThread: Thread is done: 3GPP Contexts 1-3
2017-07-14 14:07:50,619 INFO o.a.j.t.JMeterThread: Thread finished: 3GPP Contexts 1-3
2017-07-14 14:07:50,629 INFO o.a.j.t.JMeterThread: Thread is done: 3GPP Contexts 1-7
2017-07-14 14:07:50,629 INFO o.a.j.t.JMeterThread: Thread finished: 3GPP Contexts 1-7
2017-07-14 14:07:50,659 INFO o.a.j.t.JMeterThread: Thread is done: 3GPP Contexts 1-1
2017-07-14 14:07:50,660 INFO o.a.j.t.JMeterThread: Thread finished: 3GPP Contexts 1-1
2017-07-14 14:07:50,717 INFO o.a.j.t.JMeterThread: Thread is done: 3GPP Contexts 1-14
2017-07-14 14:07:50,718 INFO o.a.j.t.JMeterThread: Thread finished: 3GPP Contexts 1-14
2017-07-14 14:07:50,883 INFO o.a.j.t.JMeterThread: Thread is done: 3GPP Contexts 1-11
2017-07-14 14:07:50,883 INFO o.a.j.t.JMeterThread: Thread finished: 3GPP Contexts 1-11
2017-07-14 14:07:51,040 INFO o.a.j.t.JMeterThread: Thread is done: 3GPP Contexts 1-2
2017-07-14 14:07:51,040 INFO o.a.j.t.JMeterThread: Thread finished: 3GPP Contexts 1-2
2017-07-14 14:07:51,046 INFO o.a.j.t.JMeterThread: Thread is done: 3GPP Contexts 1-17
2017-07-14 14:07:51,046 INFO o.a.j.t.JMeterThread: Thread finished: 3GPP Contexts 1-17
2017-07-14 14:07:51,061 INFO o.a.j.t.JMeterThread: Thread is done: 3GPP Contexts 1-8
2017-07-14 14:07:51,061 INFO o.a.j.t.JMeterThread: Thread finished: 3GPP Contexts 1-8
2017-07-14 14:07:51,063 INFO o.a.j.t.JMeterThread: Thread is done: 3GPP Contexts 1-6
2017-07-14 14:07:51,063 INFO o.a.j.t.JMeterThread: Thread finished: 3GPP Contexts 1-6
2017-07-14 14:07:51,128 INFO o.a.j.t.JMeterThread: Thread is done: 3GPP Contexts 1-19
2017-07-14 14:07:51,129 INFO o.a.j.t.JMeterThread: Thread finished: 3GPP Contexts 1-19
2017-07-14 14:07:51,139 INFO o.a.j.t.JMeterThread: Thread is done: 3GPP Contexts 1-5
2017-07-14 14:07:51,139 INFO o.a.j.t.JMeterThread: Thread finished: 3GPP Contexts 1-5
2017-07-14 14:07:51,264 INFO o.a.j.t.JMeterThread: Thread is done: 3GPP Contexts 1-12
2017-07-14 14:07:51,264 INFO o.a.j.t.JMeterThread: Thread finished: 3GPP Contexts 1-12
2017-07-14 14:07:51,296 INFO o.a.j.t.JMeterThread: Thread is done: 3GPP Contexts 1-13
2017-07-14 14:07:51,296 INFO o.a.j.t.JMeterThread: Thread finished: 3GPP Contexts 1-13
2017-07-14 14:07:51,358 INFO o.a.j.t.JMeterThread: Thread is done: 3GPP Contexts 1-9
2017-07-14 14:07:51,358 INFO o.a.j.t.JMeterThread: Thread finished: 3GPP Contexts 1-9
2017-07-14 14:07:51,558 INFO o.a.j.t.JMeterThread: Thread is done: 3GPP Contexts 1-16
2017-07-14 14:07:51,558 INFO o.a.j.t.JMeterThread: Thread finished: 3GPP Contexts 1-16
2017-07-14 14:07:51,582 INFO o.a.j.t.JMeterThread: Thread is done: 3GPP Contexts 1-18
2017-07-14 14:07:51,582 INFO o.a.j.t.JMeterThread: Thread finished: 3GPP Contexts 1-18
2017-07-14 14:07:51,682 INFO o.a.j.t.JMeterThread: Thread is done: 3GPP Contexts 1-10
2017-07-14 14:07:51,682 INFO o.a.j.t.JMeterThread: Thread finished: 3GPP Contexts 1-10
2017-07-14 14:07:52,002 INFO o.a.j.t.JMeterThread: Thread is done: 3GPP Contexts 1-20
2017-07-14 14:07:52,002 INFO o.a.j.t.JMeterThread: Thread finished: 3GPP Contexts 1-20
2017-07-14 14:07:52,038 INFO o.a.j.t.JMeterThread: Thread is done: 3GPP Contexts 1-15
2017-07-14 14:07:52,038 INFO o.a.j.t.JMeterThread: Thread finished: 3GPP Contexts 1-15
2017-07-14 14:07:52,041 INFO o.a.j.e.StandardJMeterEngine: Notifying test listeners of end of test
2017-07-14 14:07:52,041 INFO o.a.j.g.u.JMeterMenuBar: setRunning(false, *local*)
2017-07-14 14:18:41,898 INFO o.a.j.e.StandardJMeterEngine: Running the test!
2017-07-14 14:18:41,919 INFO o.a.j.s.SampleEvent: List of sample_variables: []
2017-07-14 14:18:41,927 INFO o.a.j.g.u.JMeterMenuBar: setRunning(true, *local*)
2017-07-14 14:18:42,429 INFO o.a.j.e.StandardJMeterEngine: Starting ThreadGroup: 1 : 3GPP Contexts
2017-07-14 14:18:42,429 INFO o.a.j.e.StandardJMeterEngine: Starting 20 threads for group 3GPP Contexts.
2017-07-14 14:18:42,429 INFO o.a.j.e.StandardJMeterEngine: Thread will continue on error
2017-07-14 14:18:42,429 INFO o.a.j.t.ThreadGroup: Starting thread group... number=1 threads=20 ramp-up=1 perThread=50.0 delayedStart=false
2017-07-14 14:18:42,430 INFO o.a.j.t.JMeterThread: Thread started: 3GPP Contexts 1-1
2017-07-14 14:18:42,451 INFO o.a.j.t.ThreadGroup: Started thread group number 1
2017-07-14 14:18:42,451 INFO o.a.j.e.StandardJMeterEngine: All thread groups have been started
2017-07-14 14:18:42,486 INFO o.a.j.t.JMeterThread: Thread started: 3GPP Contexts 1-2
2017-07-14 14:18:42,536 INFO o.a.j.t.JMeterThread: Thread started: 3GPP Contexts 1-3
2017-07-14 14:18:42,587 INFO o.a.j.t.JMeterThread: Thread started: 3GPP Contexts 1-4
2017-07-14 14:18:42,639 INFO o.a.j.t.JMeterThread: Thread started: 3GPP Contexts 1-5
2017-07-14 14:18:42,689 INFO o.a.j.t.JMeterThread: Thread started: 3GPP Contexts 1-6
2017-07-14 14:18:42,744 INFO o.a.j.t.JMeterThread: Thread started: 3GPP Contexts 1-7
2017-07-14 14:18:42,794 INFO o.a.j.t.JMeterThread: Thread started: 3GPP Contexts 1-8
2017-07-14 14:18:42,840 INFO o.a.j.t.JMeterThread: Thread started: 3GPP Contexts 1-9
2017-07-14 14:18:42,895 INFO o.a.j.t.JMeterThread: Thread started: 3GPP Contexts 1-10
2017-07-14 14:18:42,944 INFO o.a.j.t.JMeterThread: Thread started: 3GPP Contexts 1-11
2017-07-14 14:18:42,994 INFO o.a.j.t.JMeterThread: Thread started: 3GPP Contexts 1-12
2017-07-14 14:18:43,044 INFO o.a.j.t.JMeterThread: Thread started: 3GPP Contexts 1-13
2017-07-14 14:18:43,094 INFO o.a.j.t.JMeterThread: Thread started: 3GPP Contexts 1-14
2017-07-14 14:18:43,143 INFO o.a.j.t.JMeterThread: Thread started: 3GPP Contexts 1-15
2017-07-14 14:18:43,194 INFO o.a.j.t.JMeterThread: Thread started: 3GPP Contexts 1-16
2017-07-14 14:18:43,245 INFO o.a.j.t.JMeterThread: Thread started: 3GPP Contexts 1-17
2017-07-14 14:18:43,296 INFO o.a.j.t.JMeterThread: Thread started: 3GPP Contexts 1-18
2017-07-14 14:18:43,351 INFO o.a.j.t.JMeterThread: Thread started: 3GPP Contexts 1-19
2017-07-14 14:18:43,409 INFO o.a.j.t.JMeterThread: Thread started: 3GPP Contexts 1-20
2017-07-14 14:18:54,451 INFO o.a.j.t.JMeterThread: Thread is done: 3GPP Contexts 1-1
2017-07-14 14:18:54,451 INFO o.a.j.t.JMeterThread: Thread finished: 3GPP Contexts 1-1
2017-07-14 14:18:54,871 INFO o.a.j.t.JMeterThread: Thread is done: 3GPP Contexts 1-5
2017-07-14 14:18:54,871 INFO o.a.j.t.JMeterThread: Thread finished: 3GPP Contexts 1-5
2017-07-14 14:18:54,941 INFO o.a.j.t.JMeterThread: Thread is done: 3GPP Contexts 1-6
2017-07-14 14:18:54,941 INFO o.a.j.t.JMeterThread: Thread finished: 3GPP Contexts 1-6
2017-07-14 14:18:55,027 INFO o.a.j.t.JMeterThread: Thread is done: 3GPP Contexts 1-3
2017-07-14 14:18:55,027 INFO o.a.j.t.JMeterThread: Thread finished: 3GPP Contexts 1-3
2017-07-14 14:18:55,122 INFO o.a.j.t.JMeterThread: Thread is done: 3GPP Contexts 1-15
2017-07-14 14:18:55,122 INFO o.a.j.t.JMeterThread: Thread finished: 3GPP Contexts 1-15
2017-07-14 14:18:55,176 INFO o.a.j.t.JMeterThread: Thread is done: 3GPP Contexts 1-4
2017-07-14 14:18:55,176 INFO o.a.j.t.JMeterThread: Thread finished: 3GPP Contexts 1-4
2017-07-14 14:18:55,283 INFO o.a.j.t.JMeterThread: Thread is done: 3GPP Contexts 1-8
2017-07-14 14:18:55,283 INFO o.a.j.t.JMeterThread: Thread finished: 3GPP Contexts 1-8
2017-07-14 14:18:55,294 INFO o.a.j.t.JMeterThread: Thread is done: 3GPP Contexts 1-7
2017-07-14 14:18:55,294 INFO o.a.j.t.JMeterThread: Thread finished: 3GPP Contexts 1-7
2017-07-14 14:18:55,315 INFO o.a.j.t.JMeterThread: Thread is done: 3GPP Contexts 1-16
2017-07-14 14:18:55,315 INFO o.a.j.t.JMeterThread: Thread finished: 3GPP Contexts 1-16
2017-07-14 14:18:55,376 INFO o.a.j.t.JMeterThread: Thread is done: 3GPP Contexts 1-20
2017-07-14 14:18:55,376 INFO o.a.j.t.JMeterThread: Thread finished: 3GPP Contexts 1-20
2017-07-14 14:18:55,458 INFO o.a.j.t.JMeterThread: Thread is done: 3GPP Contexts 1-2
2017-07-14 14:18:55,458 INFO o.a.j.t.JMeterThread: Thread finished: 3GPP Contexts 1-2
2017-07-14 14:18:55,525 INFO o.a.j.t.JMeterThread: Thread is done: 3GPP Contexts 1-17
2017-07-14 14:18:55,526 INFO o.a.j.t.JMeterThread: Thread finished: 3GPP Contexts 1-17
2017-07-14 14:18:55,558 INFO o.a.j.t.JMeterThread: Thread is done: 3GPP Contexts 1-19
2017-07-14 14:18:55,559 INFO o.a.j.t.JMeterThread: Thread finished: 3GPP Contexts 1-19
2017-07-14 14:18:55,647 INFO o.a.j.t.JMeterThread: Thread is done: 3GPP Contexts 1-18
2017-07-14 14:18:55,647 INFO o.a.j.t.JMeterThread: Thread finished: 3GPP Contexts 1-18
2017-07-14 14:18:55,674 INFO o.a.j.t.JMeterThread: Thread is done: 3GPP Contexts 1-10
2017-07-14 14:18:55,674 INFO o.a.j.t.JMeterThread: Thread finished: 3GPP Contexts 1-10
2017-07-14 14:18:55,902 INFO o.a.j.t.JMeterThread: Thread is done: 3GPP Contexts 1-12
2017-07-14 14:18:55,902 INFO o.a.j.t.JMeterThread: Thread finished: 3GPP Contexts 1-12
2017-07-14 14:18:55,913 INFO o.a.j.t.JMeterThread: Thread is done: 3GPP Contexts 1-14
2017-07-14 14:18:55,914 INFO o.a.j.t.JMeterThread: Thread finished: 3GPP Contexts 1-14
2017-07-14 14:18:55,930 INFO o.a.j.t.JMeterThread: Thread is done: 3GPP Contexts 1-9
2017-07-14 14:18:55,931 INFO o.a.j.t.JMeterThread: Thread finished: 3GPP Contexts 1-9
2017-07-14 14:18:56,152 INFO o.a.j.t.JMeterThread: Thread is done: 3GPP Contexts 1-11
2017-07-14 14:18:56,152 INFO o.a.j.t.JMeterThread: Thread finished: 3GPP Contexts 1-11
2017-07-14 14:18:56,237 INFO o.a.j.t.JMeterThread: Thread is done: 3GPP Contexts 1-13
2017-07-14 14:18:56,238 INFO o.a.j.t.JMeterThread: Thread finished: 3GPP Contexts 1-13
2017-07-14 14:18:56,238 INFO o.a.j.e.StandardJMeterEngine: Notifying test listeners of end of test
2017-07-14 14:18:56,239 INFO o.a.j.g.u.JMeterMenuBar: setRunning(false, *local*)
2017-07-14 14:19:22,288 INFO o.a.j.e.StandardJMeterEngine: Running the test!
2017-07-14 14:19:22,301 INFO o.a.j.s.SampleEvent: List of sample_variables: []
2017-07-14 14:19:22,306 INFO o.a.j.g.u.JMeterMenuBar: setRunning(true, *local*)
2017-07-14 14:19:22,593 INFO o.a.j.e.StandardJMeterEngine: Starting ThreadGroup: 1 : 3GPP Contexts
2017-07-14 14:19:22,593 INFO o.a.j.e.StandardJMeterEngine: Starting 20 threads for group 3GPP Contexts.
2017-07-14 14:19:22,594 INFO o.a.j.e.StandardJMeterEngine: Thread will continue on error
2017-07-14 14:19:22,594 INFO o.a.j.t.ThreadGroup: Starting thread group... number=1 threads=20 ramp-up=1 perThread=50.0 delayedStart=false
2017-07-14 14:19:22,595 INFO o.a.j.t.JMeterThread: Thread started: 3GPP Contexts 1-1
2017-07-14 14:19:22,605 INFO o.a.j.t.ThreadGroup: Started thread group number 1
2017-07-14 14:19:22,605 INFO o.a.j.e.StandardJMeterEngine: All thread groups have been started
2017-07-14 14:19:22,649 INFO o.a.j.t.JMeterThread: Thread started: 3GPP Contexts 1-2
2017-07-14 14:19:22,697 INFO o.a.j.t.JMeterThread: Thread started: 3GPP Contexts 1-3
2017-07-14 14:19:22,750 INFO o.a.j.t.JMeterThread: Thread started: 3GPP Contexts 1-4
2017-07-14 14:19:22,797 INFO o.a.j.t.JMeterThread: Thread started: 3GPP Contexts 1-5
2017-07-14 14:19:22,846 INFO o.a.j.t.JMeterThread: Thread started: 3GPP Contexts 1-6
2017-07-14 14:19:22,898 INFO o.a.j.t.JMeterThread: Thread started: 3GPP Contexts 1-7
2017-07-14 14:19:22,951 INFO o.a.j.t.JMeterThread: Thread started: 3GPP Contexts 1-8
2017-07-14 14:19:22,997 INFO o.a.j.t.JMeterThread: Thread started: 3GPP Contexts 1-9
2017-07-14 14:19:23,048 INFO o.a.j.t.JMeterThread: Thread started: 3GPP Contexts 1-10
2017-07-14 14:19:23,102 INFO o.a.j.t.JMeterThread: Thread started: 3GPP Contexts 1-11
2017-07-14 14:19:23,150 INFO o.a.j.t.JMeterThread: Thread started: 3GPP Contexts 1-12
2017-07-14 14:19:23,199 INFO o.a.j.t.JMeterThread: Thread started: 3GPP Contexts 1-13
2017-07-14 14:19:23,250 INFO o.a.j.t.JMeterThread: Thread started: 3GPP Contexts 1-14
2017-07-14 14:19:23,301 INFO o.a.j.t.JMeterThread: Thread started: 3GPP Contexts 1-15
2017-07-14 14:19:23,353 INFO o.a.j.t.JMeterThread: Thread started: 3GPP Contexts 1-16
2017-07-14 14:19:23,407 INFO o.a.j.t.JMeterThread: Thread started: 3GPP Contexts 1-17
2017-07-14 14:19:23,456 INFO o.a.j.t.JMeterThread: Thread started: 3GPP Contexts 1-18
2017-07-14 14:19:23,506 INFO o.a.j.t.JMeterThread: Thread started: 3GPP Contexts 1-19
2017-07-14 14:19:23,559 INFO o.a.j.t.JMeterThread: Thread started: 3GPP Contexts 1-20
2017-07-14 14:19:34,713 INFO o.a.j.t.JMeterThread: Thread is done: 3GPP Contexts 1-13
2017-07-14 14:19:34,721 INFO o.a.j.t.JMeterThread: Thread finished: 3GPP Contexts 1-13
2017-07-14 14:19:34,837 INFO o.a.j.t.JMeterThread: Thread is done: 3GPP Contexts 1-1
2017-07-14 14:19:34,838 INFO o.a.j.t.JMeterThread: Thread finished: 3GPP Contexts 1-1
2017-07-14 14:19:34,858 INFO o.a.j.t.JMeterThread: Thread is done: 3GPP Contexts 1-2
2017-07-14 14:19:34,858 INFO o.a.j.t.JMeterThread: Thread finished: 3GPP Contexts 1-2
2017-07-14 14:19:35,136 INFO o.a.j.t.JMeterThread: Thread is done: 3GPP Contexts 1-3
2017-07-14 14:19:35,136 INFO o.a.j.t.JMeterThread: Thread finished: 3GPP Contexts 1-3
2017-07-14 14:19:35,254 INFO o.a.j.t.JMeterThread: Thread is done: 3GPP Contexts 1-12
2017-07-14 14:19:35,254 INFO o.a.j.t.JMeterThread: Thread finished: 3GPP Contexts 1-12
2017-07-14 14:19:35,263 INFO o.a.j.t.JMeterThread: Thread is done: 3GPP Contexts 1-5
2017-07-14 14:19:35,263 INFO o.a.j.t.JMeterThread: Thread finished: 3GPP Contexts 1-5
2017-07-14 14:19:35,405 INFO o.a.j.t.JMeterThread: Thread is done: 3GPP Contexts 1-4
2017-07-14 14:19:35,405 INFO o.a.j.t.JMeterThread: Thread finished: 3GPP Contexts 1-4
2017-07-14 14:19:35,552 INFO o.a.j.t.JMeterThread: Thread is done: 3GPP Contexts 1-17
2017-07-14 14:19:35,552 INFO o.a.j.t.JMeterThread: Thread finished: 3GPP Contexts 1-17
2017-07-14 14:19:35,771 INFO o.a.j.t.JMeterThread: Thread is done: 3GPP Contexts 1-10
2017-07-14 14:19:35,772 INFO o.a.j.t.JMeterThread: Thread finished: 3GPP Contexts 1-10
2017-07-14 14:19:35,848 INFO o.a.j.t.JMeterThread: Thread is done: 3GPP Contexts 1-6
2017-07-14 14:19:35,848 INFO o.a.j.t.JMeterThread: Thread finished: 3GPP Contexts 1-6
2017-07-14 14:19:35,871 INFO o.a.j.t.JMeterThread: Thread is done: 3GPP Contexts 1-7
2017-07-14 14:19:35,871 INFO o.a.j.t.JMeterThread: Thread finished: 3GPP Contexts 1-7
2017-07-14 14:19:35,982 INFO o.a.j.t.JMeterThread: Thread is done: 3GPP Contexts 1-8
2017-07-14 14:19:35,982 INFO o.a.j.t.JMeterThread: Thread finished: 3GPP Contexts 1-8
2017-07-14 14:19:35,990 INFO o.a.j.t.JMeterThread: Thread is done: 3GPP Contexts 1-9
2017-07-14 14:19:35,990 INFO o.a.j.t.JMeterThread: Thread finished: 3GPP Contexts 1-9
2017-07-14 14:19:36,112 INFO o.a.j.t.JMeterThread: Thread is done: 3GPP Contexts 1-20
2017-07-14 14:19:36,112 INFO o.a.j.t.JMeterThread: Thread finished: 3GPP Contexts 1-20
2017-07-14 14:19:36,151 INFO o.a.j.t.JMeterThread: Thread is done: 3GPP Contexts 1-16
2017-07-14 14:19:36,151 INFO o.a.j.t.JMeterThread: Thread finished: 3GPP Contexts 1-16
2017-07-14 14:19:36,200 INFO o.a.j.t.JMeterThread: Thread is done: 3GPP Contexts 1-11
2017-07-14 14:19:36,200 INFO o.a.j.t.JMeterThread: Thread finished: 3GPP Contexts 1-11
2017-07-14 14:19:36,366 INFO o.a.j.t.JMeterThread: Thread is done: 3GPP Contexts 1-14
2017-07-14 14:19:36,366 INFO o.a.j.t.JMeterThread: Thread finished: 3GPP Contexts 1-14
2017-07-14 14:19:36,410 INFO o.a.j.t.JMeterThread: Thread is done: 3GPP Contexts 1-18
2017-07-14 14:19:36,410 INFO o.a.j.t.JMeterThread: Thread finished: 3GPP Contexts 1-18
2017-07-14 14:19:36,591 INFO o.a.j.t.JMeterThread: Thread is done: 3GPP Contexts 1-15
2017-07-14 14:19:36,591 INFO o.a.j.t.JMeterThread: Thread finished: 3GPP Contexts 1-15
2017-07-14 14:19:37,279 INFO o.a.j.t.JMeterThread: Thread is done: 3GPP Contexts 1-19
2017-07-14 14:19:37,279 INFO o.a.j.t.JMeterThread: Thread finished: 3GPP Contexts 1-19
2017-07-14 14:19:37,280 INFO o.a.j.e.StandardJMeterEngine: Notifying test listeners of end of test
2017-07-14 14:19:37,280 INFO o.a.j.g.u.JMeterMenuBar: setRunning(false, *local*)
2017-07-14 14:34:11,436 INFO o.a.j.e.StandardJMeterEngine: Running the test!
2017-07-14 14:34:11,451 INFO o.a.j.s.SampleEvent: List of sample_variables: []
2017-07-14 14:34:11,453 INFO o.a.j.g.u.JMeterMenuBar: setRunning(true, *local*)
2017-07-14 14:34:12,013 INFO o.a.j.e.StandardJMeterEngine: Starting ThreadGroup: 1 : 3GPP Contexts
2017-07-14 14:34:12,013 INFO o.a.j.e.StandardJMeterEngine: Starting 20 threads for group 3GPP Contexts.
2017-07-14 14:34:12,013 INFO o.a.j.e.StandardJMeterEngine: Thread will continue on error
2017-07-14 14:34:12,014 INFO o.a.j.t.ThreadGroup: Starting thread group... number=1 threads=20 ramp-up=1 perThread=50.0 delayedStart=false
2017-07-14 14:34:12,014 INFO o.a.j.t.JMeterThread: Thread started: 3GPP Contexts 1-1
2017-07-14 14:34:12,044 INFO o.a.j.t.ThreadGroup: Started thread group number 1
2017-07-14 14:34:12,044 INFO o.a.j.e.StandardJMeterEngine: All thread groups have been started
2017-07-14 14:34:12,067 INFO o.a.j.t.JMeterThread: Thread started: 3GPP Contexts 1-2
2017-07-14 14:34:12,123 INFO o.a.j.t.JMeterThread: Thread started: 3GPP Contexts 1-3
2017-07-14 14:34:12,174 INFO o.a.j.t.JMeterThread: Thread started: 3GPP Contexts 1-4
2017-07-14 14:34:12,222 INFO o.a.j.t.JMeterThread: Thread started: 3GPP Contexts 1-5
2017-07-14 14:34:12,273 INFO o.a.j.t.JMeterThread: Thread started: 3GPP Contexts 1-6
2017-07-14 14:34:12,328 INFO o.a.j.t.JMeterThread: Thread started: 3GPP Contexts 1-7
2017-07-14 14:34:12,377 INFO o.a.j.t.JMeterThread: Thread started: 3GPP Contexts 1-8
2017-07-14 14:34:12,432 INFO o.a.j.t.JMeterThread: Thread started: 3GPP Contexts 1-9
2017-07-14 14:34:12,481 INFO o.a.j.t.JMeterThread: Thread started: 3GPP Contexts 1-10
2017-07-14 14:34:12,537 INFO o.a.j.t.JMeterThread: Thread started: 3GPP Contexts 1-11
2017-07-14 14:34:12,590 INFO o.a.j.t.JMeterThread: Thread started: 3GPP Contexts 1-12
2017-07-14 14:34:12,642 INFO o.a.j.t.JMeterThread: Thread started: 3GPP Contexts 1-13
2017-07-14 14:34:12,690 INFO o.a.j.t.JMeterThread: Thread started: 3GPP Contexts 1-14
2017-07-14 14:34:12,741 INFO o.a.j.t.JMeterThread: Thread started: 3GPP Contexts 1-15
2017-07-14 14:34:12,792 INFO o.a.j.t.JMeterThread: Thread started: 3GPP Contexts 1-16
2017-07-14 14:34:12,842 INFO o.a.j.t.JMeterThread: Thread started: 3GPP Contexts 1-17
2017-07-14 14:34:12,894 INFO o.a.j.t.JMeterThread: Thread started: 3GPP Contexts 1-18
2017-07-14 14:34:12,945 INFO o.a.j.t.JMeterThread: Thread started: 3GPP Contexts 1-19
2017-07-14 14:34:12,996 INFO o.a.j.t.JMeterThread: Thread started: 3GPP Contexts 1-20
2017-07-14 14:34:23,109 INFO o.a.j.t.JMeterThread: Thread is done: 3GPP Contexts 1-9
2017-07-14 14:34:23,117 INFO o.a.j.t.JMeterThread: Thread finished: 3GPP Contexts 1-9
2017-07-14 14:34:23,263 INFO o.a.j.t.JMeterThread: Thread is done: 3GPP Contexts 1-14
2017-07-14 14:34:23,263 INFO o.a.j.t.JMeterThread: Thread finished: 3GPP Contexts 1-14
2017-07-14 14:34:23,318 INFO o.a.j.t.JMeterThread: Thread is done: 3GPP Contexts 1-12
2017-07-14 14:34:23,318 INFO o.a.j.t.JMeterThread: Thread finished: 3GPP Contexts 1-12
2017-07-14 14:34:23,347 INFO o.a.j.t.JMeterThread: Thread is done: 3GPP Contexts 1-4
2017-07-14 14:34:23,348 INFO o.a.j.t.JMeterThread: Thread finished: 3GPP Contexts 1-4
2017-07-14 14:34:23,375 INFO o.a.j.t.JMeterThread: Thread is done: 3GPP Contexts 1-5
2017-07-14 14:34:23,375 INFO o.a.j.t.JMeterThread: Thread finished: 3GPP Contexts 1-5
2017-07-14 14:34:23,387 INFO o.a.j.t.JMeterThread: Thread is done: 3GPP Contexts 1-15
2017-07-14 14:34:23,387 INFO o.a.j.t.JMeterThread: Thread finished: 3GPP Contexts 1-15
2017-07-14 14:34:23,490 INFO o.a.j.t.JMeterThread: Thread is done: 3GPP Contexts 1-1
2017-07-14 14:34:23,490 INFO o.a.j.t.JMeterThread: Thread finished: 3GPP Contexts 1-1
2017-07-14 14:34:23,588 INFO o.a.j.t.JMeterThread: Thread is done: 3GPP Contexts 1-10
2017-07-14 14:34:23,588 INFO o.a.j.t.JMeterThread: Thread finished: 3GPP Contexts 1-10
2017-07-14 14:34:23,727 INFO o.a.j.t.JMeterThread: Thread is done: 3GPP Contexts 1-3
2017-07-14 14:34:23,727 INFO o.a.j.t.JMeterThread: Thread finished: 3GPP Contexts 1-3
2017-07-14 14:34:23,881 INFO o.a.j.t.JMeterThread: Thread is done: 3GPP Contexts 1-7
2017-07-14 14:34:23,882 INFO o.a.j.t.JMeterThread: Thread finished: 3GPP Contexts 1-7
2017-07-14 14:34:23,990 INFO o.a.j.t.JMeterThread: Thread is done: 3GPP Contexts 1-16
2017-07-14 14:34:23,990 INFO o.a.j.t.JMeterThread: Thread finished: 3GPP Contexts 1-16
2017-07-14 14:34:24,049 INFO o.a.j.t.JMeterThread: Thread is done: 3GPP Contexts 1-2
2017-07-14 14:34:24,050 INFO o.a.j.t.JMeterThread: Thread finished: 3GPP Contexts 1-2
2017-07-14 14:34:24,057 INFO o.a.j.t.JMeterThread: Thread is done: 3GPP Contexts 1-8
2017-07-14 14:34:24,057 INFO o.a.j.t.JMeterThread: Thread finished: 3GPP Contexts 1-8
2017-07-14 14:34:24,097 INFO o.a.j.t.JMeterThread: Thread is done: 3GPP Contexts 1-13
2017-07-14 14:34:24,097 INFO o.a.j.t.JMeterThread: Thread finished: 3GPP Contexts 1-13
2017-07-14 14:34:24,145 INFO o.a.j.t.JMeterThread: Thread is done: 3GPP Contexts 1-6
2017-07-14 14:34:24,145 INFO o.a.j.t.JMeterThread: Thread finished: 3GPP Contexts 1-6
2017-07-14 14:34:24,176 INFO o.a.j.t.JMeterThread: Thread is done: 3GPP Contexts 1-18
2017-07-14 14:34:24,176 INFO o.a.j.t.JMeterThread: Thread finished: 3GPP Contexts 1-18
2017-07-14 14:34:24,234 INFO o.a.j.t.JMeterThread: Thread is done: 3GPP Contexts 1-17
2017-07-14 14:34:24,234 INFO o.a.j.t.JMeterThread: Thread finished: 3GPP Contexts 1-17
2017-07-14 14:34:24,256 INFO o.a.j.t.JMeterThread: Thread is done: 3GPP Contexts 1-11
2017-07-14 14:34:24,256 INFO o.a.j.t.JMeterThread: Thread finished: 3GPP Contexts 1-11
2017-07-14 14:34:24,273 INFO o.a.j.t.JMeterThread: Thread is done: 3GPP Contexts 1-19
2017-07-14 14:34:24,273 INFO o.a.j.t.JMeterThread: Thread finished: 3GPP Contexts 1-19
2017-07-14 14:34:24,674 INFO o.a.j.t.JMeterThread: Thread is done: 3GPP Contexts 1-20
2017-07-14 14:34:24,674 INFO o.a.j.t.JMeterThread: Thread finished: 3GPP Contexts 1-20
2017-07-14 14:34:24,674 INFO o.a.j.e.StandardJMeterEngine: Notifying test listeners of end of test
2017-07-14 14:34:24,674 INFO o.a.j.g.u.JMeterMenuBar: setRunning(false, *local*)
2017-07-14 14:34:39,260 INFO o.a.j.e.StandardJMeterEngine: Running the test!
2017-07-14 14:34:39,268 INFO o.a.j.s.SampleEvent: List of sample_variables: []
2017-07-14 14:34:39,269 INFO o.a.j.g.u.JMeterMenuBar: setRunning(true, *local*)
2017-07-14 14:34:39,416 INFO o.a.j.e.StandardJMeterEngine: Starting ThreadGroup: 1 : 3GPP Contexts
2017-07-14 14:34:39,417 INFO o.a.j.e.StandardJMeterEngine: Starting 20 threads for group 3GPP Contexts.
2017-07-14 14:34:39,418 INFO o.a.j.e.StandardJMeterEngine: Thread will continue on error
2017-07-14 14:34:39,419 INFO o.a.j.t.ThreadGroup: Starting thread group... number=1 threads=20 ramp-up=1 perThread=50.0 delayedStart=false
2017-07-14 14:34:39,422 INFO o.a.j.t.JMeterThread: Thread started: 3GPP Contexts 1-1
2017-07-14 14:34:39,434 INFO o.a.j.t.ThreadGroup: Started thread group number 1
2017-07-14 14:34:39,435 INFO o.a.j.e.StandardJMeterEngine: All thread groups have been started
2017-07-14 14:34:39,475 INFO o.a.j.t.JMeterThread: Thread started: 3GPP Contexts 1-2
2017-07-14 14:34:39,528 INFO o.a.j.t.JMeterThread: Thread started: 3GPP Contexts 1-3
2017-07-14 14:34:39,578 INFO o.a.j.t.JMeterThread: Thread started: 3GPP Contexts 1-4
2017-07-14 14:34:39,625 INFO o.a.j.t.JMeterThread: Thread started: 3GPP Contexts 1-5
2017-07-14 14:34:39,675 INFO o.a.j.t.JMeterThread: Thread started: 3GPP Contexts 1-6
2017-07-14 14:34:39,725 INFO o.a.j.t.JMeterThread: Thread started: 3GPP Contexts 1-7
2017-07-14 14:34:39,777 INFO o.a.j.t.JMeterThread: Thread started: 3GPP Contexts 1-8
2017-07-14 14:34:39,827 INFO o.a.j.t.JMeterThread: Thread started: 3GPP Contexts 1-9
2017-07-14 14:34:39,881 INFO o.a.j.t.JMeterThread: Thread started: 3GPP Contexts 1-10
2017-07-14 14:34:39,930 INFO o.a.j.t.JMeterThread: Thread started: 3GPP Contexts 1-11
2017-07-14 14:34:39,985 INFO o.a.j.t.JMeterThread: Thread started: 3GPP Contexts 1-12
2017-07-14 14:34:40,033 INFO o.a.j.t.JMeterThread: Thread started: 3GPP Contexts 1-13
2017-07-14 14:34:40,082 INFO o.a.j.t.JMeterThread: Thread started: 3GPP Contexts 1-14
2017-07-14 14:34:40,134 INFO o.a.j.t.JMeterThread: Thread started: 3GPP Contexts 1-15
2017-07-14 14:34:40,184 INFO o.a.j.t.JMeterThread: Thread started: 3GPP Contexts 1-16
2017-07-14 14:34:40,237 INFO o.a.j.t.JMeterThread: Thread started: 3GPP Contexts 1-17
2017-07-14 14:34:40,286 INFO o.a.j.t.JMeterThread: Thread started: 3GPP Contexts 1-18
2017-07-14 14:34:40,337 INFO o.a.j.t.JMeterThread: Thread started: 3GPP Contexts 1-19
2017-07-14 14:34:40,385 INFO o.a.j.t.JMeterThread: Thread started: 3GPP Contexts 1-20
2017-07-14 14:34:50,790 INFO o.a.j.t.JMeterThread: Thread is done: 3GPP Contexts 1-9
2017-07-14 14:34:50,797 INFO o.a.j.t.JMeterThread: Thread finished: 3GPP Contexts 1-9
2017-07-14 14:34:51,311 INFO o.a.j.t.JMeterThread: Thread is done: 3GPP Contexts 1-6
2017-07-14 14:34:51,312 INFO o.a.j.t.JMeterThread: Thread finished: 3GPP Contexts 1-6
2017-07-14 14:34:51,323 INFO o.a.j.t.JMeterThread: Thread is done: 3GPP Contexts 1-11
2017-07-14 14:34:51,323 INFO o.a.j.t.JMeterThread: Thread finished: 3GPP Contexts 1-11
2017-07-14 14:34:51,369 INFO o.a.j.t.JMeterThread: Thread is done: 3GPP Contexts 1-3
2017-07-14 14:34:51,369 INFO o.a.j.t.JMeterThread: Thread finished: 3GPP Contexts 1-3
2017-07-14 14:34:51,561 INFO o.a.j.t.JMeterThread: Thread is done: 3GPP Contexts 1-4
2017-07-14 14:34:51,561 INFO o.a.j.t.JMeterThread: Thread finished: 3GPP Contexts 1-4
2017-07-14 14:34:51,695 INFO o.a.j.t.JMeterThread: Thread is done: 3GPP Contexts 1-5
2017-07-14 14:34:51,695 INFO o.a.j.t.JMeterThread: Thread finished: 3GPP Contexts 1-5
2017-07-14 14:34:51,873 INFO o.a.j.t.JMeterThread: Thread is done: 3GPP Contexts 1-12
2017-07-14 14:34:51,873 INFO o.a.j.t.JMeterThread: Thread finished: 3GPP Contexts 1-12
2017-07-14 14:34:51,926 INFO o.a.j.t.JMeterThread: Thread is done: 3GPP Contexts 1-10
2017-07-14 14:34:51,927 INFO o.a.j.t.JMeterThread: Thread finished: 3GPP Contexts 1-10
2017-07-14 14:34:51,939 INFO o.a.j.t.JMeterThread: Thread is done: 3GPP Contexts 1-2
2017-07-14 14:34:51,939 INFO o.a.j.t.JMeterThread: Thread finished: 3GPP Contexts 1-2
2017-07-14 14:34:51,967 INFO o.a.j.t.JMeterThread: Thread is done: 3GPP Contexts 1-15
2017-07-14 14:34:51,967 INFO o.a.j.t.JMeterThread: Thread finished: 3GPP Contexts 1-15
2017-07-14 14:34:52,047 INFO o.a.j.t.JMeterThread: Thread is done: 3GPP Contexts 1-8
2017-07-14 14:34:52,047 INFO o.a.j.t.JMeterThread: Thread finished: 3GPP Contexts 1-8
2017-07-14 14:34:52,115 INFO o.a.j.t.JMeterThread: Thread is done: 3GPP Contexts 1-19
2017-07-14 14:34:52,116 INFO o.a.j.t.JMeterThread: Thread finished: 3GPP Contexts 1-19
2017-07-14 14:34:52,308 INFO o.a.j.t.JMeterThread: Thread is done: 3GPP Contexts 1-14
2017-07-14 14:34:52,308 INFO o.a.j.t.JMeterThread: Thread finished: 3GPP Contexts 1-14
2017-07-14 14:34:52,428 INFO o.a.j.t.JMeterThread: Thread is done: 3GPP Contexts 1-13
2017-07-14 14:34:52,428 INFO o.a.j.t.JMeterThread: Thread finished: 3GPP Contexts 1-13
2017-07-14 14:34:52,480 INFO o.a.j.t.JMeterThread: Thread is done: 3GPP Contexts 1-18
2017-07-14 14:34:52,480 INFO o.a.j.t.JMeterThread: Thread finished: 3GPP Contexts 1-18
2017-07-14 14:34:52,490 INFO o.a.j.t.JMeterThread: Thread is done: 3GPP Contexts 1-16
2017-07-14 14:34:52,490 INFO o.a.j.t.JMeterThread: Thread finished: 3GPP Contexts 1-16
2017-07-14 14:34:52,540 INFO o.a.j.t.JMeterThread: Thread is done: 3GPP Contexts 1-7
2017-07-14 14:34:52,540 INFO o.a.j.t.JMeterThread: Thread finished: 3GPP Contexts 1-7
2017-07-14 14:34:52,545 INFO o.a.j.t.JMeterThread: Thread is done: 3GPP Contexts 1-1
2017-07-14 14:34:52,545 INFO o.a.j.t.JMeterThread: Thread finished: 3GPP Contexts 1-1
2017-07-14 14:34:52,584 INFO o.a.j.t.JMeterThread: Thread is done: 3GPP Contexts 1-20
2017-07-14 14:34:52,584 INFO o.a.j.t.JMeterThread: Thread finished: 3GPP Contexts 1-20
2017-07-14 14:34:52,619 INFO o.a.j.t.JMeterThread: Thread is done: 3GPP Contexts 1-17
2017-07-14 14:34:52,619 INFO o.a.j.t.JMeterThread: Thread finished: 3GPP Contexts 1-17
2017-07-14 14:34:52,620 INFO o.a.j.e.StandardJMeterEngine: Notifying test listeners of end of test
2017-07-14 14:34:52,620 INFO o.a.j.g.u.JMeterMenuBar: setRunning(false, *local*)
2017-07-14 14:51:17,743 INFO o.a.j.e.StandardJMeterEngine: Running the test!
2017-07-14 14:51:17,757 INFO o.a.j.s.SampleEvent: List of sample_variables: []
2017-07-14 14:51:17,759 INFO o.a.j.g.u.JMeterMenuBar: setRunning(true, *local*)
2017-07-14 14:51:18,444 INFO o.a.j.e.StandardJMeterEngine: Starting ThreadGroup: 1 : 3GPP Contexts
2017-07-14 14:51:18,444 INFO o.a.j.e.StandardJMeterEngine: Starting 20 threads for group 3GPP Contexts.
2017-07-14 14:51:18,444 INFO o.a.j.e.StandardJMeterEngine: Thread will continue on error
2017-07-14 14:51:18,444 INFO o.a.j.t.ThreadGroup: Starting thread group... number=1 threads=20 ramp-up=1 perThread=50.0 delayedStart=false
2017-07-14 14:51:18,445 INFO o.a.j.t.JMeterThread: Thread started: 3GPP Contexts 1-1
2017-07-14 14:51:18,450 INFO o.a.j.t.ThreadGroup: Started thread group number 1
2017-07-14 14:51:18,450 INFO o.a.j.e.StandardJMeterEngine: All thread groups have been started
2017-07-14 14:51:18,496 INFO o.a.j.t.JMeterThread: Thread started: 3GPP Contexts 1-2
2017-07-14 14:51:18,549 INFO o.a.j.t.JMeterThread: Thread started: 3GPP Contexts 1-3
2017-07-14 14:51:18,597 INFO o.a.j.t.JMeterThread: Thread started: 3GPP Contexts 1-4
2017-07-14 14:51:18,647 INFO o.a.j.t.JMeterThread: Thread started: 3GPP Contexts 1-5
2017-07-14 14:51:18,697 INFO o.a.j.t.JMeterThread: Thread started: 3GPP Contexts 1-6
2017-07-14 14:51:18,748 INFO o.a.j.t.JMeterThread: Thread started: 3GPP Contexts 1-7
2017-07-14 14:51:18,800 INFO o.a.j.t.JMeterThread: Thread started: 3GPP Contexts 1-8
2017-07-14 14:51:18,848 INFO o.a.j.t.JMeterThread: Thread started: 3GPP Contexts 1-9
2017-07-14 14:51:18,901 INFO o.a.j.t.JMeterThread: Thread started: 3GPP Contexts 1-10
2017-07-14 14:51:18,949 INFO o.a.j.t.JMeterThread: Thread started: 3GPP Contexts 1-11
2017-07-14 14:51:19,002 INFO o.a.j.t.JMeterThread: Thread started: 3GPP Contexts 1-12
2017-07-14 14:51:19,052 INFO o.a.j.t.JMeterThread: Thread started: 3GPP Contexts 1-13
2017-07-14 14:51:19,100 INFO o.a.j.t.JMeterThread: Thread started: 3GPP Contexts 1-14
2017-07-14 14:51:19,150 INFO o.a.j.t.JMeterThread: Thread started: 3GPP Contexts 1-15
2017-07-14 14:51:19,203 INFO o.a.j.t.JMeterThread: Thread started: 3GPP Contexts 1-16
2017-07-14 14:51:19,253 INFO o.a.j.t.JMeterThread: Thread started: 3GPP Contexts 1-17
2017-07-14 14:51:19,300 INFO o.a.j.t.JMeterThread: Thread started: 3GPP Contexts 1-18
2017-07-14 14:51:19,353 INFO o.a.j.t.JMeterThread: Thread started: 3GPP Contexts 1-19
2017-07-14 14:51:19,401 INFO o.a.j.t.JMeterThread: Thread started: 3GPP Contexts 1-20
2017-07-14 14:51:31,924 INFO o.a.j.t.JMeterThread: Thread is done: 3GPP Contexts 1-5
2017-07-14 14:51:31,933 INFO o.a.j.t.JMeterThread: Thread finished: 3GPP Contexts 1-5
2017-07-14 14:51:31,943 INFO o.a.j.t.JMeterThread: Thread is done: 3GPP Contexts 1-6
2017-07-14 14:51:31,943 INFO o.a.j.t.JMeterThread: Thread finished: 3GPP Contexts 1-6
2017-07-14 14:51:32,271 INFO o.a.j.t.JMeterThread: Thread is done: 3GPP Contexts 1-10
2017-07-14 14:51:32,271 INFO o.a.j.t.JMeterThread: Thread finished: 3GPP Contexts 1-10
2017-07-14 14:51:32,397 INFO o.a.j.t.JMeterThread: Thread is done: 3GPP Contexts 1-2
2017-07-14 14:51:32,398 INFO o.a.j.t.JMeterThread: Thread finished: 3GPP Contexts 1-2
2017-07-14 14:51:32,507 INFO o.a.j.t.JMeterThread: Thread is done: 3GPP Contexts 1-14
2017-07-14 14:51:32,507 INFO o.a.j.t.JMeterThread: Thread finished: 3GPP Contexts 1-14
2017-07-14 14:51:32,566 INFO o.a.j.t.JMeterThread: Thread is done: 3GPP Contexts 1-17
2017-07-14 14:51:32,566 INFO o.a.j.t.JMeterThread: Thread finished: 3GPP Contexts 1-17
2017-07-14 14:51:32,643 INFO o.a.j.t.JMeterThread: Thread is done: 3GPP Contexts 1-1
2017-07-14 14:51:32,644 INFO o.a.j.t.JMeterThread: Thread finished: 3GPP Contexts 1-1
2017-07-14 14:51:32,742 INFO o.a.j.t.JMeterThread: Thread is done: 3GPP Contexts 1-4
2017-07-14 14:51:32,742 INFO o.a.j.t.JMeterThread: Thread finished: 3GPP Contexts 1-4
2017-07-14 14:51:32,838 INFO o.a.j.t.JMeterThread: Thread is done: 3GPP Contexts 1-7
2017-07-14 14:51:32,838 INFO o.a.j.t.JMeterThread: Thread finished: 3GPP Contexts 1-7
2017-07-14 14:51:32,872 INFO o.a.j.t.JMeterThread: Thread is done: 3GPP Contexts 1-11
2017-07-14 14:51:32,872 INFO o.a.j.t.JMeterThread: Thread finished: 3GPP Contexts 1-11
2017-07-14 14:51:32,979 INFO o.a.j.t.JMeterThread: Thread is done: 3GPP Contexts 1-12
2017-07-14 14:51:32,980 INFO o.a.j.t.JMeterThread: Thread finished: 3GPP Contexts 1-12
2017-07-14 14:51:33,065 INFO o.a.j.t.JMeterThread: Thread is done: 3GPP Contexts 1-13
2017-07-14 14:51:33,066 INFO o.a.j.t.JMeterThread: Thread finished: 3GPP Contexts 1-13
2017-07-14 14:51:33,118 INFO o.a.j.t.JMeterThread: Thread is done: 3GPP Contexts 1-18
2017-07-14 14:51:33,118 INFO o.a.j.t.JMeterThread: Thread finished: 3GPP Contexts 1-18
2017-07-14 14:51:33,124 INFO o.a.j.t.JMeterThread: Thread is done: 3GPP Contexts 1-15
2017-07-14 14:51:33,124 INFO o.a.j.t.JMeterThread: Thread finished: 3GPP Contexts 1-15
2017-07-14 14:51:33,128 INFO o.a.j.t.JMeterThread: Thread is done: 3GPP Contexts 1-8
2017-07-14 14:51:33,128 INFO o.a.j.t.JMeterThread: Thread finished: 3GPP Contexts 1-8
2017-07-14 14:51:33,172 INFO o.a.j.t.JMeterThread: Thread is done: 3GPP Contexts 1-20
2017-07-14 14:51:33,172 INFO o.a.j.t.JMeterThread: Thread finished: 3GPP Contexts 1-20
2017-07-14 14:51:33,336 INFO o.a.j.t.JMeterThread: Thread is done: 3GPP Contexts 1-9
2017-07-14 14:51:33,336 INFO o.a.j.t.JMeterThread: Thread finished: 3GPP Contexts 1-9
2017-07-14 14:51:33,434 INFO o.a.j.t.JMeterThread: Thread is done: 3GPP Contexts 1-19
2017-07-14 14:51:33,434 INFO o.a.j.t.JMeterThread: Thread is done: 3GPP Contexts 1-3
2017-07-14 14:51:33,434 INFO o.a.j.t.JMeterThread: Thread finished: 3GPP Contexts 1-19
2017-07-14 14:51:33,434 INFO o.a.j.t.JMeterThread: Thread finished: 3GPP Contexts 1-3
2017-07-14 14:51:33,571 INFO o.a.j.t.JMeterThread: Thread is done: 3GPP Contexts 1-16
2017-07-14 14:51:33,571 INFO o.a.j.t.JMeterThread: Thread finished: 3GPP Contexts 1-16
2017-07-14 14:51:33,571 INFO o.a.j.e.StandardJMeterEngine: Notifying test listeners of end of test
2017-07-14 14:51:33,571 INFO o.a.j.g.u.JMeterMenuBar: setRunning(false, *local*)
2017-07-14 14:57:42,484 INFO o.a.j.e.StandardJMeterEngine: Running the test!
2017-07-14 14:57:42,491 INFO o.a.j.s.SampleEvent: List of sample_variables: []
2017-07-14 14:57:42,495 INFO o.a.j.g.u.JMeterMenuBar: setRunning(true, *local*)
2017-07-14 14:57:42,960 INFO o.a.j.e.StandardJMeterEngine: Starting ThreadGroup: 1 : 3GPP Contexts
2017-07-14 14:57:42,960 INFO o.a.j.e.StandardJMeterEngine: Starting 20 threads for group 3GPP Contexts.
2017-07-14 14:57:42,960 INFO o.a.j.e.StandardJMeterEngine: Thread will continue on error
2017-07-14 14:57:42,960 INFO o.a.j.t.ThreadGroup: Starting thread group... number=1 threads=20 ramp-up=1 perThread=50.0 delayedStart=false
2017-07-14 14:57:42,963 INFO o.a.j.t.JMeterThread: Thread started: 3GPP Contexts 1-1
2017-07-14 14:57:42,984 INFO o.a.j.t.ThreadGroup: Started thread group number 1
2017-07-14 14:57:42,984 INFO o.a.j.e.StandardJMeterEngine: All thread groups have been started
2017-07-14 14:57:43,015 INFO o.a.j.t.JMeterThread: Thread started: 3GPP Contexts 1-2
2017-07-14 14:57:43,066 INFO o.a.j.t.JMeterThread: Thread started: 3GPP Contexts 1-3
2017-07-14 14:57:43,117 INFO o.a.j.t.JMeterThread: Thread started: 3GPP Contexts 1-4
2017-07-14 14:57:43,169 INFO o.a.j.t.JMeterThread: Thread started: 3GPP Contexts 1-5
2017-07-14 14:57:43,222 INFO o.a.j.t.JMeterThread: Thread started: 3GPP Contexts 1-6
2017-07-14 14:57:43,275 INFO o.a.j.t.JMeterThread: Thread started: 3GPP Contexts 1-7
2017-07-14 14:57:43,325 INFO o.a.j.t.JMeterThread: Thread started: 3GPP Contexts 1-8
2017-07-14 14:57:43,375 INFO o.a.j.t.JMeterThread: Thread started: 3GPP Contexts 1-9
2017-07-14 14:57:43,426 INFO o.a.j.t.JMeterThread: Thread started: 3GPP Contexts 1-10
2017-07-14 14:57:43,476 INFO o.a.j.t.JMeterThread: Thread started: 3GPP Contexts 1-11
2017-07-14 14:57:43,527 INFO o.a.j.t.JMeterThread: Thread started: 3GPP Contexts 1-12
2017-07-14 14:57:43,578 INFO o.a.j.t.JMeterThread: Thread started: 3GPP Contexts 1-13
2017-07-14 14:57:43,631 INFO o.a.j.t.JMeterThread: Thread started: 3GPP Contexts 1-14
2017-07-14 14:57:43,684 INFO o.a.j.t.JMeterThread: Thread started: 3GPP Contexts 1-15
2017-07-14 14:57:43,734 INFO o.a.j.t.JMeterThread: Thread started: 3GPP Contexts 1-16
2017-07-14 14:57:43,785 INFO o.a.j.t.JMeterThread: Thread started: 3GPP Contexts 1-17
2017-07-14 14:57:43,837 INFO o.a.j.t.JMeterThread: Thread started: 3GPP Contexts 1-18
2017-07-14 14:57:43,884 INFO o.a.j.t.JMeterThread: Thread started: 3GPP Contexts 1-19
2017-07-14 14:57:43,935 INFO o.a.j.t.JMeterThread: Thread started: 3GPP Contexts 1-20
2017-07-14 14:57:58,404 INFO o.a.j.t.JMeterThread: Thread is done: 3GPP Contexts 1-4
2017-07-14 14:57:58,412 INFO o.a.j.t.JMeterThread: Thread finished: 3GPP Contexts 1-4
2017-07-14 14:57:58,434 INFO o.a.j.t.JMeterThread: Thread is done: 3GPP Contexts 1-10
2017-07-14 14:57:58,434 INFO o.a.j.t.JMeterThread: Thread finished: 3GPP Contexts 1-10
2017-07-14 14:57:58,486 INFO o.a.j.t.JMeterThread: Thread is done: 3GPP Contexts 1-8
2017-07-14 14:57:58,486 INFO o.a.j.t.JMeterThread: Thread finished: 3GPP Contexts 1-8
2017-07-14 14:57:58,505 INFO o.a.j.t.JMeterThread: Thread is done: 3GPP Contexts 1-13
2017-07-14 14:57:58,505 INFO o.a.j.t.JMeterThread: Thread finished: 3GPP Contexts 1-13
2017-07-14 14:57:58,600 INFO o.a.j.t.JMeterThread: Thread is done: 3GPP Contexts 1-14
2017-07-14 14:57:58,600 INFO o.a.j.t.JMeterThread: Thread finished: 3GPP Contexts 1-14
2017-07-14 14:57:58,743 INFO o.a.j.t.JMeterThread: Thread is done: 3GPP Contexts 1-5
2017-07-14 14:57:58,743 INFO o.a.j.t.JMeterThread: Thread finished: 3GPP Contexts 1-5
2017-07-14 14:57:58,759 INFO o.a.j.t.JMeterThread: Thread is done: 3GPP Contexts 1-18
2017-07-14 14:57:58,759 INFO o.a.j.t.JMeterThread: Thread finished: 3GPP Contexts 1-18
2017-07-14 14:57:58,770 INFO o.a.j.t.JMeterThread: Thread is done: 3GPP Contexts 1-15
2017-07-14 14:57:58,770 INFO o.a.j.t.JMeterThread: Thread finished: 3GPP Contexts 1-15
2017-07-14 14:57:58,781 INFO o.a.j.t.JMeterThread: Thread is done: 3GPP Contexts 1-17
2017-07-14 14:57:58,781 INFO o.a.j.t.JMeterThread: Thread finished: 3GPP Contexts 1-17
2017-07-14 14:57:58,871 INFO o.a.j.t.JMeterThread: Thread is done: 3GPP Contexts 1-7
2017-07-14 14:57:58,871 INFO o.a.j.t.JMeterThread: Thread finished: 3GPP Contexts 1-7
2017-07-14 14:57:58,874 INFO o.a.j.t.JMeterThread: Thread is done: 3GPP Contexts 1-9
2017-07-14 14:57:58,874 INFO o.a.j.t.JMeterThread: Thread finished: 3GPP Contexts 1-9
2017-07-14 14:57:59,023 INFO o.a.j.t.JMeterThread: Thread is done: 3GPP Contexts 1-3
2017-07-14 14:57:59,023 INFO o.a.j.t.JMeterThread: Thread finished: 3GPP Contexts 1-3
2017-07-14 14:57:59,132 INFO o.a.j.t.JMeterThread: Thread is done: 3GPP Contexts 1-1
2017-07-14 14:57:59,133 INFO o.a.j.t.JMeterThread: Thread finished: 3GPP Contexts 1-1
2017-07-14 14:57:59,140 INFO o.a.j.t.JMeterThread: Thread is done: 3GPP Contexts 1-16
2017-07-14 14:57:59,140 INFO o.a.j.t.JMeterThread: Thread finished: 3GPP Contexts 1-16
2017-07-14 14:57:59,146 INFO o.a.j.t.JMeterThread: Thread is done: 3GPP Contexts 1-12
2017-07-14 14:57:59,146 INFO o.a.j.t.JMeterThread: Thread finished: 3GPP Contexts 1-12
2017-07-14 14:57:59,161 INFO o.a.j.t.JMeterThread: Thread is done: 3GPP Contexts 1-19
2017-07-14 14:57:59,161 INFO o.a.j.t.JMeterThread: Thread finished: 3GPP Contexts 1-19
2017-07-14 14:57:59,437 INFO o.a.j.t.JMeterThread: Thread is done: 3GPP Contexts 1-6
2017-07-14 14:57:59,437 INFO o.a.j.t.JMeterThread: Thread finished: 3GPP Contexts 1-6
2017-07-14 14:57:59,528 INFO o.a.j.t.JMeterThread: Thread is done: 3GPP Contexts 1-11
2017-07-14 14:57:59,528 INFO o.a.j.t.JMeterThread: Thread finished: 3GPP Contexts 1-11
2017-07-14 14:57:59,670 INFO o.a.j.t.JMeterThread: Thread is done: 3GPP Contexts 1-20
2017-07-14 14:57:59,670 INFO o.a.j.t.JMeterThread: Thread finished: 3GPP Contexts 1-20
2017-07-14 14:58:00,067 INFO o.a.j.t.JMeterThread: Thread is done: 3GPP Contexts 1-2
2017-07-14 14:58:00,067 INFO o.a.j.t.JMeterThread: Thread finished: 3GPP Contexts 1-2
2017-07-14 14:58:00,067 INFO o.a.j.e.StandardJMeterEngine: Notifying test listeners of end of test
2017-07-14 14:58:00,067 INFO o.a.j.g.u.JMeterMenuBar: setRunning(false, *local*)
2017-07-14 15:00:51,569 INFO o.a.j.e.StandardJMeterEngine: Running the test!
2017-07-14 15:00:51,580 INFO o.a.j.s.SampleEvent: List of sample_variables: []
2017-07-14 15:00:51,583 INFO o.a.j.g.u.JMeterMenuBar: setRunning(true, *local*)
2017-07-14 15:00:51,834 INFO o.a.j.e.StandardJMeterEngine: Starting ThreadGroup: 1 : 3GPP Contexts
2017-07-14 15:00:51,834 INFO o.a.j.e.StandardJMeterEngine: Starting 20 threads for group 3GPP Contexts.
2017-07-14 15:00:51,834 INFO o.a.j.e.StandardJMeterEngine: Thread will continue on error
2017-07-14 15:00:51,834 INFO o.a.j.t.ThreadGroup: Starting thread group... number=1 threads=20 ramp-up=1 perThread=50.0 delayedStart=false
2017-07-14 15:00:51,835 INFO o.a.j.t.JMeterThread: Thread started: 3GPP Contexts 1-1
2017-07-14 15:00:51,851 INFO o.a.j.t.ThreadGroup: Started thread group number 1
2017-07-14 15:00:51,851 INFO o.a.j.e.StandardJMeterEngine: All thread groups have been started
2017-07-14 15:00:51,892 INFO o.a.j.t.JMeterThread: Thread started: 3GPP Contexts 1-2
2017-07-14 15:00:51,938 INFO o.a.j.t.JMeterThread: Thread started: 3GPP Contexts 1-3
2017-07-14 15:00:51,989 INFO o.a.j.t.JMeterThread: Thread started: 3GPP Contexts 1-4
2017-07-14 15:00:52,040 INFO o.a.j.t.JMeterThread: Thread started: 3GPP Contexts 1-5
2017-07-14 15:00:52,091 INFO o.a.j.t.JMeterThread: Thread started: 3GPP Contexts 1-6
2017-07-14 15:00:52,141 INFO o.a.j.t.JMeterThread: Thread started: 3GPP Contexts 1-7
2017-07-14 15:00:52,193 INFO o.a.j.t.JMeterThread: Thread started: 3GPP Contexts 1-8
2017-07-14 15:00:52,247 INFO o.a.j.t.JMeterThread: Thread started: 3GPP Contexts 1-9
2017-07-14 15:00:52,296 INFO o.a.j.t.JMeterThread: Thread started: 3GPP Contexts 1-10
2017-07-14 15:00:52,349 INFO o.a.j.t.JMeterThread: Thread started: 3GPP Contexts 1-11
2017-07-14 15:00:52,398 INFO o.a.j.t.JMeterThread: Thread started: 3GPP Contexts 1-12
2017-07-14 15:00:52,449 INFO o.a.j.t.JMeterThread: Thread started: 3GPP Contexts 1-13
2017-07-14 15:00:52,502 INFO o.a.j.t.JMeterThread: Thread started: 3GPP Contexts 1-14
2017-07-14 15:00:52,551 INFO o.a.j.t.JMeterThread: Thread started: 3GPP Contexts 1-15
2017-07-14 15:00:52,600 INFO o.a.j.t.JMeterThread: Thread started: 3GPP Contexts 1-16
2017-07-14 15:00:52,651 INFO o.a.j.t.JMeterThread: Thread started: 3GPP Contexts 1-17
2017-07-14 15:00:52,701 INFO o.a.j.t.JMeterThread: Thread started: 3GPP Contexts 1-18
2017-07-14 15:00:52,751 INFO o.a.j.t.JMeterThread: Thread started: 3GPP Contexts 1-19
2017-07-14 15:00:52,802 INFO o.a.j.t.JMeterThread: Thread started: 3GPP Contexts 1-20
2017-07-14 15:01:03,033 INFO o.a.j.t.JMeterThread: Thread is done: 3GPP Contexts 1-2
2017-07-14 15:01:03,035 INFO o.a.j.t.JMeterThread: Thread finished: 3GPP Contexts 1-2
2017-07-14 15:01:03,389 INFO o.a.j.t.JMeterThread: Thread is done: 3GPP Contexts 1-10
2017-07-14 15:01:03,389 INFO o.a.j.t.JMeterThread: Thread finished: 3GPP Contexts 1-10
2017-07-14 15:01:03,516 INFO o.a.j.t.JMeterThread: Thread is done: 3GPP Contexts 1-1
2017-07-14 15:01:03,517 INFO o.a.j.t.JMeterThread: Thread finished: 3GPP Contexts 1-1
2017-07-14 15:01:03,557 INFO o.a.j.t.JMeterThread: Thread is done: 3GPP Contexts 1-16
2017-07-14 15:01:03,557 INFO o.a.j.t.JMeterThread: Thread finished: 3GPP Contexts 1-16
2017-07-14 15:01:03,592 INFO o.a.j.t.JMeterThread: Thread is done: 3GPP Contexts 1-8
2017-07-14 15:01:03,592 INFO o.a.j.t.JMeterThread: Thread finished: 3GPP Contexts 1-8
2017-07-14 15:01:03,650 INFO o.a.j.t.JMeterThread: Thread is done: 3GPP Contexts 1-19
2017-07-14 15:01:03,650 INFO o.a.j.t.JMeterThread: Thread finished: 3GPP Contexts 1-19
2017-07-14 15:01:03,653 INFO o.a.j.t.JMeterThread: Thread is done: 3GPP Contexts 1-3
2017-07-14 15:01:03,653 INFO o.a.j.t.JMeterThread: Thread finished: 3GPP Contexts 1-3
2017-07-14 15:01:03,691 INFO o.a.j.t.JMeterThread: Thread is done: 3GPP Contexts 1-6
2017-07-14 15:01:03,691 INFO o.a.j.t.JMeterThread: Thread finished: 3GPP Contexts 1-6
2017-07-14 15:01:03,745 INFO o.a.j.t.JMeterThread: Thread is done: 3GPP Contexts 1-12
2017-07-14 15:01:03,745 INFO o.a.j.t.JMeterThread: Thread finished: 3GPP Contexts 1-12
2017-07-14 15:01:03,757 INFO o.a.j.t.JMeterThread: Thread is done: 3GPP Contexts 1-4
2017-07-14 15:01:03,757 INFO o.a.j.t.JMeterThread: Thread finished: 3GPP Contexts 1-4
2017-07-14 15:01:03,848 INFO o.a.j.t.JMeterThread: Thread is done: 3GPP Contexts 1-13
2017-07-14 15:01:03,849 INFO o.a.j.t.JMeterThread: Thread finished: 3GPP Contexts 1-13
2017-07-14 15:01:03,999 INFO o.a.j.t.JMeterThread: Thread is done: 3GPP Contexts 1-17
2017-07-14 15:01:04,000 INFO o.a.j.t.JMeterThread: Thread finished: 3GPP Contexts 1-17
2017-07-14 15:01:04,022 INFO o.a.j.t.JMeterThread: Thread is done: 3GPP Contexts 1-9
2017-07-14 15:01:04,022 INFO o.a.j.t.JMeterThread: Thread finished: 3GPP Contexts 1-9
2017-07-14 15:01:04,070 INFO o.a.j.t.JMeterThread: Thread is done: 3GPP Contexts 1-14
2017-07-14 15:01:04,070 INFO o.a.j.t.JMeterThread: Thread finished: 3GPP Contexts 1-14
2017-07-14 15:01:04,086 INFO o.a.j.t.JMeterThread: Thread is done: 3GPP Contexts 1-5
2017-07-14 15:01:04,086 INFO o.a.j.t.JMeterThread: Thread finished: 3GPP Contexts 1-5
2017-07-14 15:01:04,187 INFO o.a.j.t.JMeterThread: Thread is done: 3GPP Contexts 1-18
2017-07-14 15:01:04,187 INFO o.a.j.t.JMeterThread: Thread finished: 3GPP Contexts 1-18
2017-07-14 15:01:04,231 INFO o.a.j.t.JMeterThread: Thread is done: 3GPP Contexts 1-15
2017-07-14 15:01:04,232 INFO o.a.j.t.JMeterThread: Thread finished: 3GPP Contexts 1-15
2017-07-14 15:01:04,284 INFO o.a.j.t.JMeterThread: Thread is done: 3GPP Contexts 1-20
2017-07-14 15:01:04,284 INFO o.a.j.t.JMeterThread: Thread finished: 3GPP Contexts 1-20
2017-07-14 15:01:04,309 INFO o.a.j.t.JMeterThread: Thread is done: 3GPP Contexts 1-7
2017-07-14 15:01:04,309 INFO o.a.j.t.JMeterThread: Thread finished: 3GPP Contexts 1-7
2017-07-14 15:01:04,443 INFO o.a.j.t.JMeterThread: Thread is done: 3GPP Contexts 1-11
2017-07-14 15:01:04,443 INFO o.a.j.t.JMeterThread: Thread finished: 3GPP Contexts 1-11
2017-07-14 15:01:04,443 INFO o.a.j.e.StandardJMeterEngine: Notifying test listeners of end of test
2017-07-14 15:01:04,444 INFO o.a.j.g.u.JMeterMenuBar: setRunning(false, *local*)
2017-07-14 15:59:30,294 INFO o.a.j.e.StandardJMeterEngine: Running the test!
2017-07-14 15:59:30,304 INFO o.a.j.s.SampleEvent: List of sample_variables: []
2017-07-14 15:59:30,305 INFO o.a.j.g.u.JMeterMenuBar: setRunning(true, *local*)
2017-07-14 15:59:30,530 INFO o.a.j.e.StandardJMeterEngine: Starting ThreadGroup: 1 : 3GPP Contexts
2017-07-14 15:59:30,531 INFO o.a.j.e.StandardJMeterEngine: Starting 20 threads for group 3GPP Contexts.
2017-07-14 15:59:30,531 INFO o.a.j.e.StandardJMeterEngine: Thread will continue on error
2017-07-14 15:59:30,531 INFO o.a.j.t.ThreadGroup: Starting thread group... number=1 threads=20 ramp-up=1 perThread=50.0 delayedStart=false
2017-07-14 15:59:30,532 INFO o.a.j.t.JMeterThread: Thread started: 3GPP Contexts 1-1
2017-07-14 15:59:30,543 INFO o.a.j.t.ThreadGroup: Started thread group number 1
2017-07-14 15:59:30,543 INFO o.a.j.e.StandardJMeterEngine: All thread groups have been started
2017-07-14 15:59:30,583 INFO o.a.j.t.JMeterThread: Thread started: 3GPP Contexts 1-2
2017-07-14 15:59:30,633 INFO o.a.j.t.JMeterThread: Thread started: 3GPP Contexts 1-3
2017-07-14 15:59:30,687 INFO o.a.j.t.JMeterThread: Thread started: 3GPP Contexts 1-4
2017-07-14 15:59:30,737 INFO o.a.j.t.JMeterThread: Thread started: 3GPP Contexts 1-5
2017-07-14 15:59:30,787 INFO o.a.j.t.JMeterThread: Thread started: 3GPP Contexts 1-6
2017-07-14 15:59:30,837 INFO o.a.j.t.JMeterThread: Thread started: 3GPP Contexts 1-7
2017-07-14 15:59:30,885 INFO o.a.j.t.JMeterThread: Thread started: 3GPP Contexts 1-8
2017-07-14 15:59:30,936 INFO o.a.j.t.JMeterThread: Thread started: 3GPP Contexts 1-9
2017-07-14 15:59:30,989 INFO o.a.j.t.JMeterThread: Thread started: 3GPP Contexts 1-10
2017-07-14 15:59:31,039 INFO o.a.j.t.JMeterThread: Thread started: 3GPP Contexts 1-11
2017-07-14 15:59:31,088 INFO o.a.j.t.JMeterThread: Thread started: 3GPP Contexts 1-12
2017-07-14 15:59:31,139 INFO o.a.j.t.JMeterThread: Thread started: 3GPP Contexts 1-13
2017-07-14 15:59:31,189 INFO o.a.j.t.JMeterThread: Thread started: 3GPP Contexts 1-14
2017-07-14 15:59:31,239 INFO o.a.j.t.JMeterThread: Thread started: 3GPP Contexts 1-15
2017-07-14 15:59:31,289 INFO o.a.j.t.JMeterThread: Thread started: 3GPP Contexts 1-16
2017-07-14 15:59:31,342 INFO o.a.j.t.JMeterThread: Thread started: 3GPP Contexts 1-17
2017-07-14 15:59:31,393 INFO o.a.j.t.JMeterThread: Thread started: 3GPP Contexts 1-18
2017-07-14 15:59:31,444 INFO o.a.j.t.JMeterThread: Thread started: 3GPP Contexts 1-19
2017-07-14 15:59:31,495 INFO o.a.j.t.JMeterThread: Thread started: 3GPP Contexts 1-20
2017-07-14 15:59:44,280 INFO o.a.j.t.JMeterThread: Thread is done: 3GPP Contexts 1-3
2017-07-14 15:59:44,281 INFO o.a.j.t.JMeterThread: Thread finished: 3GPP Contexts 1-3
2017-07-14 15:59:44,335 INFO o.a.j.t.JMeterThread: Thread is done: 3GPP Contexts 1-1
2017-07-14 15:59:44,335 INFO o.a.j.t.JMeterThread: Thread finished: 3GPP Contexts 1-1
2017-07-14 15:59:44,382 INFO o.a.j.t.JMeterThread: Thread is done: 3GPP Contexts 1-9
2017-07-14 15:59:44,382 INFO o.a.j.t.JMeterThread: Thread finished: 3GPP Contexts 1-9
2017-07-14 15:59:44,390 INFO o.a.j.t.JMeterThread: Thread is done: 3GPP Contexts 1-7
2017-07-14 15:59:44,390 INFO o.a.j.t.JMeterThread: Thread finished: 3GPP Contexts 1-7
2017-07-14 15:59:44,567 INFO o.a.j.t.JMeterThread: Thread is done: 3GPP Contexts 1-12
2017-07-14 15:59:44,567 INFO o.a.j.t.JMeterThread: Thread finished: 3GPP Contexts 1-12
2017-07-14 15:59:44,583 INFO o.a.j.t.JMeterThread: Thread is done: 3GPP Contexts 1-17
2017-07-14 15:59:44,583 INFO o.a.j.t.JMeterThread: Thread finished: 3GPP Contexts 1-17
2017-07-14 15:59:44,711 INFO o.a.j.t.JMeterThread: Thread is done: 3GPP Contexts 1-5
2017-07-14 15:59:44,711 INFO o.a.j.t.JMeterThread: Thread finished: 3GPP Contexts 1-5
2017-07-14 15:59:44,764 INFO o.a.j.t.JMeterThread: Thread is done: 3GPP Contexts 1-8
2017-07-14 15:59:44,764 INFO o.a.j.t.JMeterThread: Thread finished: 3GPP Contexts 1-8
2017-07-14 15:59:44,771 INFO o.a.j.t.JMeterThread: Thread is done: 3GPP Contexts 1-16
2017-07-14 15:59:44,771 INFO o.a.j.t.JMeterThread: Thread finished: 3GPP Contexts 1-16
2017-07-14 15:59:44,774 INFO o.a.j.t.JMeterThread: Thread is done: 3GPP Contexts 1-6
2017-07-14 15:59:44,774 INFO o.a.j.t.JMeterThread: Thread finished: 3GPP Contexts 1-6
2017-07-14 15:59:44,819 INFO o.a.j.t.JMeterThread: Thread is done: 3GPP Contexts 1-4
2017-07-14 15:59:44,820 INFO o.a.j.t.JMeterThread: Thread finished: 3GPP Contexts 1-4
2017-07-14 15:59:44,830 INFO o.a.j.t.JMeterThread: Thread is done: 3GPP Contexts 1-11
2017-07-14 15:59:44,830 INFO o.a.j.t.JMeterThread: Thread finished: 3GPP Contexts 1-11
2017-07-14 15:59:44,901 INFO o.a.j.t.JMeterThread: Thread is done: 3GPP Contexts 1-13
2017-07-14 15:59:44,902 INFO o.a.j.t.JMeterThread: Thread finished: 3GPP Contexts 1-13
2017-07-14 15:59:45,019 INFO o.a.j.t.JMeterThread: Thread is done: 3GPP Contexts 1-19
2017-07-14 15:59:45,019 INFO o.a.j.t.JMeterThread: Thread finished: 3GPP Contexts 1-19
2017-07-14 15:59:45,061 INFO o.a.j.t.JMeterThread: Thread is done: 3GPP Contexts 1-20
2017-07-14 15:59:45,061 INFO o.a.j.t.JMeterThread: Thread finished: 3GPP Contexts 1-20
2017-07-14 15:59:45,146 INFO o.a.j.t.JMeterThread: Thread is done: 3GPP Contexts 1-14
2017-07-14 15:59:45,146 INFO o.a.j.t.JMeterThread: Thread finished: 3GPP Contexts 1-14
2017-07-14 15:59:45,231 INFO o.a.j.t.JMeterThread: Thread is done: 3GPP Contexts 1-15
2017-07-14 15:59:45,231 INFO o.a.j.t.JMeterThread: Thread finished: 3GPP Contexts 1-15
2017-07-14 15:59:45,411 INFO o.a.j.t.JMeterThread: Thread is done: 3GPP Contexts 1-10
2017-07-14 15:59:45,411 INFO o.a.j.t.JMeterThread: Thread finished: 3GPP Contexts 1-10
2017-07-14 15:59:45,418 INFO o.a.j.t.JMeterThread: Thread is done: 3GPP Contexts 1-2
2017-07-14 15:59:45,419 INFO o.a.j.t.JMeterThread: Thread finished: 3GPP Contexts 1-2
2017-07-14 15:59:45,916 INFO o.a.j.t.JMeterThread: Thread is done: 3GPP Contexts 1-18
2017-07-14 15:59:45,916 INFO o.a.j.t.JMeterThread: Thread finished: 3GPP Contexts 1-18
2017-07-14 15:59:45,916 INFO o.a.j.e.StandardJMeterEngine: Notifying test listeners of end of test
2017-07-14 15:59:45,916 INFO o.a.j.g.u.JMeterMenuBar: setRunning(false, *local*)
2017-07-14 16:01:38,829 INFO o.a.j.e.StandardJMeterEngine: Running the test!
2017-07-14 16:01:38,837 INFO o.a.j.s.SampleEvent: List of sample_variables: []
2017-07-14 16:01:38,839 INFO o.a.j.g.u.JMeterMenuBar: setRunning(true, *local*)
2017-07-14 16:01:39,125 INFO o.a.j.e.StandardJMeterEngine: Starting ThreadGroup: 1 : 3GPP Contexts
2017-07-14 16:01:39,125 INFO o.a.j.e.StandardJMeterEngine: Starting 20 threads for group 3GPP Contexts.
2017-07-14 16:01:39,125 INFO o.a.j.e.StandardJMeterEngine: Thread will continue on error
2017-07-14 16:01:39,125 INFO o.a.j.t.ThreadGroup: Starting thread group... number=1 threads=20 ramp-up=1 perThread=50.0 delayedStart=false
2017-07-14 16:01:39,126 INFO o.a.j.t.JMeterThread: Thread started: 3GPP Contexts 1-1
2017-07-14 16:01:39,133 INFO o.a.j.t.ThreadGroup: Started thread group number 1
2017-07-14 16:01:39,134 INFO o.a.j.e.StandardJMeterEngine: All thread groups have been started
2017-07-14 16:01:39,177 INFO o.a.j.t.JMeterThread: Thread started: 3GPP Contexts 1-2
2017-07-14 16:01:39,227 INFO o.a.j.t.JMeterThread: Thread started: 3GPP Contexts 1-3
2017-07-14 16:01:39,277 INFO o.a.j.t.JMeterThread: Thread started: 3GPP Contexts 1-4
2017-07-14 16:01:39,330 INFO o.a.j.t.JMeterThread: Thread started: 3GPP Contexts 1-5
2017-07-14 16:01:39,379 INFO o.a.j.t.JMeterThread: Thread started: 3GPP Contexts 1-6
2017-07-14 16:01:39,428 INFO o.a.j.t.JMeterThread: Thread started: 3GPP Contexts 1-7
2017-07-14 16:01:39,479 INFO o.a.j.t.JMeterThread: Thread started: 3GPP Contexts 1-8
2017-07-14 16:01:39,529 INFO o.a.j.t.JMeterThread: Thread started: 3GPP Contexts 1-9
2017-07-14 16:01:39,580 INFO o.a.j.t.JMeterThread: Thread started: 3GPP Contexts 1-10
2017-07-14 16:01:39,633 INFO o.a.j.t.JMeterThread: Thread started: 3GPP Contexts 1-11
2017-07-14 16:01:39,680 INFO o.a.j.t.JMeterThread: Thread started: 3GPP Contexts 1-12
2017-07-14 16:01:39,731 INFO o.a.j.t.JMeterThread: Thread started: 3GPP Contexts 1-13
2017-07-14 16:01:39,780 INFO o.a.j.t.JMeterThread: Thread started: 3GPP Contexts 1-14
2017-07-14 16:01:39,836 INFO o.a.j.t.JMeterThread: Thread started: 3GPP Contexts 1-15
2017-07-14 16:01:39,881 INFO o.a.j.t.JMeterThread: Thread started: 3GPP Contexts 1-16
2017-07-14 16:01:39,933 INFO o.a.j.t.JMeterThread: Thread started: 3GPP Contexts 1-17
2017-07-14 16:01:39,981 INFO o.a.j.t.JMeterThread: Thread started: 3GPP Contexts 1-18
2017-07-14 16:01:40,033 INFO o.a.j.t.JMeterThread: Thread started: 3GPP Contexts 1-19
2017-07-14 16:01:40,087 INFO o.a.j.t.JMeterThread: Thread started: 3GPP Contexts 1-20
2017-07-14 16:01:50,023 INFO o.a.j.t.JMeterThread: Thread is done: 3GPP Contexts 1-14
2017-07-14 16:01:50,023 INFO o.a.j.t.JMeterThread: Thread finished: 3GPP Contexts 1-14
2017-07-14 16:01:50,154 INFO o.a.j.t.JMeterThread: Thread is done: 3GPP Contexts 1-6
2017-07-14 16:01:50,154 INFO o.a.j.t.JMeterThread: Thread finished: 3GPP Contexts 1-6
2017-07-14 16:01:50,415 INFO o.a.j.t.JMeterThread: Thread is done: 3GPP Contexts 1-12
2017-07-14 16:01:50,417 INFO o.a.j.t.JMeterThread: Thread finished: 3GPP Contexts 1-12
2017-07-14 16:01:50,480 INFO o.a.j.t.JMeterThread: Thread is done: 3GPP Contexts 1-13
2017-07-14 16:01:50,480 INFO o.a.j.t.JMeterThread: Thread is done: 3GPP Contexts 1-7
2017-07-14 16:01:50,480 INFO o.a.j.t.JMeterThread: Thread finished: 3GPP Contexts 1-13
2017-07-14 16:01:50,480 INFO o.a.j.t.JMeterThread: Thread finished: 3GPP Contexts 1-7
2017-07-14 16:01:50,489 INFO o.a.j.t.JMeterThread: Thread is done: 3GPP Contexts 1-17
2017-07-14 16:01:50,489 INFO o.a.j.t.JMeterThread: Thread finished: 3GPP Contexts 1-17
2017-07-14 16:01:50,498 INFO o.a.j.t.JMeterThread: Thread is done: 3GPP Contexts 1-11
2017-07-14 16:01:50,498 INFO o.a.j.t.JMeterThread: Thread finished: 3GPP Contexts 1-11
2017-07-14 16:01:50,522 INFO o.a.j.t.JMeterThread: Thread is done: 3GPP Contexts 1-1
2017-07-14 16:01:50,522 INFO o.a.j.t.JMeterThread: Thread finished: 3GPP Contexts 1-1
2017-07-14 16:01:50,523 INFO o.a.j.t.JMeterThread: Thread is done: 3GPP Contexts 1-4
2017-07-14 16:01:50,523 INFO o.a.j.t.JMeterThread: Thread finished: 3GPP Contexts 1-4
2017-07-14 16:01:50,705 INFO o.a.j.t.JMeterThread: Thread is done: 3GPP Contexts 1-8
2017-07-14 16:01:50,706 INFO o.a.j.t.JMeterThread: Thread finished: 3GPP Contexts 1-8
2017-07-14 16:01:50,740 INFO o.a.j.t.JMeterThread: Thread is done: 3GPP Contexts 1-9
2017-07-14 16:01:50,740 INFO o.a.j.t.JMeterThread: Thread finished: 3GPP Contexts 1-9
2017-07-14 16:01:50,828 INFO o.a.j.t.JMeterThread: Thread is done: 3GPP Contexts 1-20
2017-07-14 16:01:50,829 INFO o.a.j.t.JMeterThread: Thread finished: 3GPP Contexts 1-20
2017-07-14 16:01:50,880 INFO o.a.j.t.JMeterThread: Thread is done: 3GPP Contexts 1-5
2017-07-14 16:01:50,880 INFO o.a.j.t.JMeterThread: Thread finished: 3GPP Contexts 1-5
2017-07-14 16:01:50,924 INFO o.a.j.t.JMeterThread: Thread is done: 3GPP Contexts 1-3
2017-07-14 16:01:50,924 INFO o.a.j.t.JMeterThread: Thread finished: 3GPP Contexts 1-3
2017-07-14 16:01:51,019 INFO o.a.j.t.JMeterThread: Thread is done: 3GPP Contexts 1-10
2017-07-14 16:01:51,019 INFO o.a.j.t.JMeterThread: Thread finished: 3GPP Contexts 1-10
2017-07-14 16:01:51,240 INFO o.a.j.t.JMeterThread: Thread is done: 3GPP Contexts 1-2
2017-07-14 16:01:51,240 INFO o.a.j.t.JMeterThread: Thread finished: 3GPP Contexts 1-2
2017-07-14 16:01:51,280 INFO o.a.j.t.JMeterThread: Thread is done: 3GPP Contexts 1-18
2017-07-14 16:01:51,280 INFO o.a.j.t.JMeterThread: Thread finished: 3GPP Contexts 1-18
2017-07-14 16:01:51,591 INFO o.a.j.t.JMeterThread: Thread is done: 3GPP Contexts 1-15
2017-07-14 16:01:51,591 INFO o.a.j.t.JMeterThread: Thread finished: 3GPP Contexts 1-15
2017-07-14 16:01:51,813 INFO o.a.j.t.JMeterThread: Thread is done: 3GPP Contexts 1-16
2017-07-14 16:01:51,813 INFO o.a.j.t.JMeterThread: Thread finished: 3GPP Contexts 1-16
2017-07-14 16:01:52,035 INFO o.a.j.t.JMeterThread: Thread is done: 3GPP Contexts 1-19
2017-07-14 16:01:52,036 INFO o.a.j.t.JMeterThread: Thread finished: 3GPP Contexts 1-19
2017-07-14 16:01:52,036 INFO o.a.j.e.StandardJMeterEngine: Notifying test listeners of end of test
2017-07-14 16:01:52,036 INFO o.a.j.g.u.JMeterMenuBar: setRunning(false, *local*)
