2017/06/08 17:05:12 INFO  - jmeter.util.JMeterUtils: Setting Locale to en_US 
2017/06/08 17:05:12 INFO  - jmeter.JMeter: Loading user properties from: /usr/local/Cellar/jmeter/3.1/libexec/bin/user.properties 
2017/06/08 17:05:12 INFO  - jmeter.JMeter: Loading system properties from: /usr/local/Cellar/jmeter/3.1/libexec/bin/system.properties 
2017/06/08 17:05:12 INFO  - jmeter.JMeter: Copyright (c) 1998-2016 The Apache Software Foundation 
2017/06/08 17:05:12 INFO  - jmeter.JMeter: Version 3.1 r1770033 
2017/06/08 17:05:12 INFO  - jmeter.JMeter: java.version=1.8.0_74 
2017/06/08 17:05:12 INFO  - jmeter.JMeter: java.vm.name=Java HotSpot(TM) 64-Bit Server VM 
2017/06/08 17:05:12 INFO  - jmeter.JMeter: os.name=Mac OS X 
2017/06/08 17:05:12 INFO  - jmeter.JMeter: os.arch=x86_64 
2017/06/08 17:05:12 INFO  - jmeter.JMeter: os.version=10.12.3 
2017/06/08 17:05:12 INFO  - jmeter.JMeter: file.encoding=UTF-8 
2017/06/08 17:05:12 INFO  - jmeter.JMeter: Max memory     =514850816 
2017/06/08 17:05:12 INFO  - jmeter.JMeter: Available Processors =8 
2017/06/08 17:05:12 INFO  - jmeter.JMeter: Default Locale=English (United States) 
2017/06/08 17:05:12 INFO  - jmeter.JMeter: JMeter  Locale=English (United States) 
2017/06/08 17:05:12 INFO  - jmeter.JMeter: JMeterHome=/usr/local/Cellar/jmeter/3.1/libexec 
2017/06/08 17:05:12 INFO  - jmeter.JMeter: user.dir  =/Users/vivekvijayan/fpc2/fpc/jmeter 
2017/06/08 17:05:12 INFO  - jmeter.JMeter: PWD       =/Users/vivekvijayan/fpc2/fpc/jmeter 
2017/06/08 17:05:47 INFO  - jmeter.JMeter: IP: 10.22.152.54 Name: MacBook-Pro.local FullName: 10.22.152.54 
2017/06/08 17:05:47 INFO  - jmeter.JMeter: Setting property 'jmeter.reportgenerator.outputdir' to:'/Users/vivekvijayan/fpc2/fpc/jmeter/result' 
2017/06/08 17:05:47 INFO  - jmeter.services.FileServer: Default base='/Users/vivekvijayan/fpc2/fpc/jmeter' 
2017/06/08 17:05:47 INFO  - jmeter.services.FileServer: Set new base='/Users/vivekvijayan/fpc2/fpc/jmeter' 
2017/06/08 17:05:47 INFO  - jmeter.save.SaveService: Testplan (JMX) version: 2.2. Testlog (JTL) version: 2.2 
2017/06/08 17:05:47 INFO  - jmeter.save.SaveService: Using SaveService properties file encoding UTF-8 
2017/06/08 17:05:47 INFO  - jmeter.save.SaveService: Using SaveService properties version 3.1 
2017/06/08 17:05:47 INFO  - jmeter.save.SaveService: All converter versions present and correct 
2017/06/08 17:05:47 INFO  - jmeter.save.SaveService: Loading file: FPC Agent - LoadTest.jmx 
2017/06/08 17:05:47 INFO  - jmeter.protocol.http.sampler.HTTPSamplerBase: Parser for text/html is org.apache.jmeter.protocol.http.parser.LagartoBasedHtmlParser 
2017/06/08 17:05:47 INFO  - jmeter.protocol.http.sampler.HTTPSamplerBase: Parser for application/xhtml+xml is org.apache.jmeter.protocol.http.parser.LagartoBasedHtmlParser 
2017/06/08 17:05:47 INFO  - jmeter.protocol.http.sampler.HTTPSamplerBase: Parser for application/xml is org.apache.jmeter.protocol.http.parser.LagartoBasedHtmlParser 
2017/06/08 17:05:47 INFO  - jmeter.protocol.http.sampler.HTTPSamplerBase: Parser for text/xml is org.apache.jmeter.protocol.http.parser.LagartoBasedHtmlParser 
2017/06/08 17:05:47 INFO  - jmeter.protocol.http.sampler.HTTPSamplerBase: Parser for text/vnd.wap.wml is org.apache.jmeter.protocol.http.parser.RegexpHTMLParser 
2017/06/08 17:05:47 INFO  - jmeter.protocol.http.sampler.HTTPSamplerBase: Parser for text/css is org.apache.jmeter.protocol.http.parser.CssParser 
2017/06/08 17:05:47 INFO  - jmeter.JMeter: Creating summariser <summary> 
2017/06/08 17:05:47 INFO  - jmeter.engine.StandardJMeterEngine: Running the test! 
2017/06/08 17:05:47 INFO  - jmeter.samplers.SampleEvent: List of sample_variables: [] 
2017/06/08 17:05:47 INFO  - jmeter.samplers.SampleEvent: List of sample_variables: [] 
2017/06/08 17:05:47 INFO  - jmeter.engine.util.CompoundVariable: Note: Function class names must contain the string: '.functions.' 
2017/06/08 17:05:47 INFO  - jmeter.engine.util.CompoundVariable: Note: Function class names must not contain the string: '.gui.' 
2017/06/08 17:05:47 INFO  - jmeter.JMeter: Running test (1496959547723) 
2017/06/08 17:05:47 INFO  - jmeter.engine.StandardJMeterEngine: Starting ThreadGroup: 1 : 3GPP Contexts 
2017/06/08 17:05:47 INFO  - jmeter.engine.StandardJMeterEngine: Starting 50 threads for group 3GPP Contexts. 
2017/06/08 17:05:47 INFO  - jmeter.engine.StandardJMeterEngine: Thread will continue on error 
2017/06/08 17:05:47 INFO  - jmeter.threads.ThreadGroup: Starting thread group number 1 threads 50 ramp-up 1 perThread 20.0 delayedStart=false 
2017/06/08 17:05:47 INFO  - jmeter.threads.JMeterThread: Thread started: 3GPP Contexts 1-1 
2017/06/08 17:05:47 INFO  - jmeter.threads.JMeterThread: Thread started: 3GPP Contexts 1-2 
2017/06/08 17:05:47 INFO  - jmeter.threads.ThreadGroup: Started thread group number 1 
2017/06/08 17:05:47 INFO  - jmeter.engine.StandardJMeterEngine: All thread groups have been started 
2017/06/08 17:05:47 INFO  - jmeter.threads.JMeterThread: Thread started: 3GPP Contexts 1-3 
2017/06/08 17:05:47 INFO  - jmeter.protocol.http.sampler.HTTPHCAbstractImpl: Local host = MacBook-Pro.local 
2017/06/08 17:05:47 INFO  - jmeter.protocol.http.sampler.HTTPHC4Impl: HTTP request retry count = 0 
2017/06/08 17:05:47 INFO  - jmeter.threads.JMeterThread: Thread started: 3GPP Contexts 1-4 
2017/06/08 17:05:47 INFO  - jmeter.samplers.SampleResult: Note: Sample TimeStamps are START times 
2017/06/08 17:05:47 INFO  - jmeter.samplers.SampleResult: sampleresult.default.encoding is set to ISO-8859-1 
2017/06/08 17:05:47 INFO  - jmeter.samplers.SampleResult: sampleresult.useNanoTime=true 
2017/06/08 17:05:47 INFO  - jmeter.samplers.SampleResult: sampleresult.nanoThreadSleep=5000 
2017/06/08 17:05:47 INFO  - jmeter.threads.JMeterThread: Thread started: 3GPP Contexts 1-5 
2017/06/08 17:05:47 INFO  - jmeter.threads.JMeterThread: Thread started: 3GPP Contexts 1-6 
2017/06/08 17:05:47 INFO  - jmeter.threads.JMeterThread: Thread started: 3GPP Contexts 1-7 
2017/06/08 17:05:47 INFO  - jmeter.threads.JMeterThread: Thread started: 3GPP Contexts 1-8 
2017/06/08 17:05:47 INFO  - jmeter.threads.JMeterThread: Thread started: 3GPP Contexts 1-9 
2017/06/08 17:05:47 INFO  - jmeter.threads.JMeterThread: Thread started: 3GPP Contexts 1-10 
2017/06/08 17:05:47 INFO  - jmeter.threads.JMeterThread: Thread started: 3GPP Contexts 1-11 
2017/06/08 17:05:47 INFO  - jmeter.threads.JMeterThread: Thread started: 3GPP Contexts 1-12 
2017/06/08 17:05:48 INFO  - jmeter.threads.JMeterThread: Thread started: 3GPP Contexts 1-13 
2017/06/08 17:05:48 INFO  - jmeter.threads.JMeterThread: Thread started: 3GPP Contexts 1-14 
2017/06/08 17:05:48 INFO  - jmeter.threads.JMeterThread: Thread started: 3GPP Contexts 1-15 
2017/06/08 17:05:48 INFO  - jmeter.threads.JMeterThread: Thread started: 3GPP Contexts 1-16 
2017/06/08 17:05:48 INFO  - jmeter.threads.JMeterThread: Thread started: 3GPP Contexts 1-17 
2017/06/08 17:05:48 INFO  - jmeter.threads.JMeterThread: Thread started: 3GPP Contexts 1-18 
2017/06/08 17:05:48 INFO  - jmeter.threads.JMeterThread: Thread started: 3GPP Contexts 1-19 
2017/06/08 17:05:48 INFO  - jmeter.threads.JMeterThread: Thread started: 3GPP Contexts 1-20 
2017/06/08 17:05:48 INFO  - jmeter.threads.JMeterThread: Thread started: 3GPP Contexts 1-21 
2017/06/08 17:05:48 INFO  - jmeter.threads.JMeterThread: Thread started: 3GPP Contexts 1-22 
2017/06/08 17:05:48 INFO  - jmeter.threads.JMeterThread: Thread started: 3GPP Contexts 1-23 
2017/06/08 17:05:48 INFO  - jmeter.threads.JMeterThread: Thread started: 3GPP Contexts 1-24 
2017/06/08 17:05:48 INFO  - jmeter.threads.JMeterThread: Thread started: 3GPP Contexts 1-25 
2017/06/08 17:05:48 INFO  - jmeter.threads.JMeterThread: Thread started: 3GPP Contexts 1-26 
2017/06/08 17:05:48 INFO  - jmeter.threads.JMeterThread: Thread started: 3GPP Contexts 1-27 
2017/06/08 17:05:48 INFO  - jmeter.threads.JMeterThread: Thread started: 3GPP Contexts 1-28 
2017/06/08 17:05:48 INFO  - jmeter.threads.JMeterThread: Thread started: 3GPP Contexts 1-29 
2017/06/08 17:05:48 INFO  - jmeter.threads.JMeterThread: Thread started: 3GPP Contexts 1-30 
2017/06/08 17:05:48 INFO  - jmeter.threads.JMeterThread: Thread started: 3GPP Contexts 1-31 
2017/06/08 17:05:48 INFO  - jmeter.threads.JMeterThread: Thread started: 3GPP Contexts 1-32 
2017/06/08 17:05:48 INFO  - jmeter.threads.JMeterThread: Thread started: 3GPP Contexts 1-33 
2017/06/08 17:05:48 INFO  - jmeter.threads.JMeterThread: Thread started: 3GPP Contexts 1-34 
2017/06/08 17:05:48 INFO  - jmeter.threads.JMeterThread: Thread started: 3GPP Contexts 1-35 
2017/06/08 17:05:48 INFO  - jmeter.threads.JMeterThread: Thread started: 3GPP Contexts 1-36 
2017/06/08 17:05:48 INFO  - jmeter.threads.JMeterThread: Thread started: 3GPP Contexts 1-37 
2017/06/08 17:05:48 INFO  - jmeter.threads.JMeterThread: Thread started: 3GPP Contexts 1-38 
2017/06/08 17:05:48 INFO  - jmeter.threads.JMeterThread: Thread started: 3GPP Contexts 1-39 
2017/06/08 17:05:48 INFO  - jmeter.threads.JMeterThread: Thread started: 3GPP Contexts 1-40 
2017/06/08 17:05:48 INFO  - jmeter.threads.JMeterThread: Thread started: 3GPP Contexts 1-41 
2017/06/08 17:05:48 INFO  - jmeter.threads.JMeterThread: Thread started: 3GPP Contexts 1-42 
2017/06/08 17:05:48 INFO  - jmeter.threads.JMeterThread: Thread started: 3GPP Contexts 1-43 
2017/06/08 17:05:48 INFO  - jmeter.threads.JMeterThread: Thread started: 3GPP Contexts 1-44 
2017/06/08 17:05:48 INFO  - jmeter.threads.JMeterThread: Thread started: 3GPP Contexts 1-45 
2017/06/08 17:05:48 INFO  - jmeter.threads.JMeterThread: Thread started: 3GPP Contexts 1-46 
2017/06/08 17:05:48 INFO  - jmeter.threads.JMeterThread: Thread started: 3GPP Contexts 1-47 
2017/06/08 17:05:48 INFO  - jmeter.threads.JMeterThread: Thread started: 3GPP Contexts 1-48 
2017/06/08 17:05:48 INFO  - jmeter.threads.JMeterThread: Thread started: 3GPP Contexts 1-49 
2017/06/08 17:05:48 INFO  - jmeter.threads.JMeterThread: Thread started: 3GPP Contexts 1-50 
2017/06/08 17:06:00 INFO  - jmeter.reporters.Summariser: summary +  10341 in 00:00:12 =  841.9/s Avg:     5 Min:     1 Max:    96 Err:     0 (0.00%) Active: 50 Started: 50 Finished: 0 
2017/06/08 17:06:30 INFO  - jmeter.reporters.Summariser: summary +  14749 in 00:00:30 =  491.7/s Avg:    50 Min:     2 Max:  1043 Err:     0 (0.00%) Active: 50 Started: 50 Finished: 0 
2017/06/08 17:06:30 INFO  - jmeter.reporters.Summariser: summary =  25090 in 00:00:42 =  593.5/s Avg:    31 Min:     1 Max:  1043 Err:     0 (0.00%) 
2017/06/08 17:06:56 INFO  - jmeter.threads.JMeterThread: Thread is done: 3GPP Contexts 1-9 
2017/06/08 17:06:56 INFO  - jmeter.threads.JMeterThread: Thread finished: 3GPP Contexts 1-9 
2017/06/08 17:06:56 INFO  - jmeter.threads.JMeterThread: Thread is done: 3GPP Contexts 1-5 
2017/06/08 17:06:56 INFO  - jmeter.threads.JMeterThread: Thread finished: 3GPP Contexts 1-5 
2017/06/08 17:06:57 INFO  - jmeter.threads.JMeterThread: Thread is done: 3GPP Contexts 1-31 
2017/06/08 17:06:57 INFO  - jmeter.threads.JMeterThread: Thread finished: 3GPP Contexts 1-31 
2017/06/08 17:06:57 INFO  - jmeter.threads.JMeterThread: Thread is done: 3GPP Contexts 1-1 
2017/06/08 17:06:57 INFO  - jmeter.threads.JMeterThread: Thread finished: 3GPP Contexts 1-1 
2017/06/08 17:06:57 INFO  - jmeter.threads.JMeterThread: Thread is done: 3GPP Contexts 1-8 
2017/06/08 17:06:57 INFO  - jmeter.threads.JMeterThread: Thread finished: 3GPP Contexts 1-8 
2017/06/08 17:06:57 INFO  - jmeter.threads.JMeterThread: Thread is done: 3GPP Contexts 1-6 
2017/06/08 17:06:57 INFO  - jmeter.threads.JMeterThread: Thread finished: 3GPP Contexts 1-6 
2017/06/08 17:06:57 INFO  - jmeter.threads.JMeterThread: Thread is done: 3GPP Contexts 1-30 
2017/06/08 17:06:57 INFO  - jmeter.threads.JMeterThread: Thread finished: 3GPP Contexts 1-30 
2017/06/08 17:06:57 INFO  - jmeter.threads.JMeterThread: Thread is done: 3GPP Contexts 1-45 
2017/06/08 17:06:57 INFO  - jmeter.threads.JMeterThread: Thread finished: 3GPP Contexts 1-45 
2017/06/08 17:06:57 INFO  - jmeter.threads.JMeterThread: Thread is done: 3GPP Contexts 1-18 
2017/06/08 17:06:57 INFO  - jmeter.threads.JMeterThread: Thread finished: 3GPP Contexts 1-18 
2017/06/08 17:06:57 INFO  - jmeter.threads.JMeterThread: Thread is done: 3GPP Contexts 1-20 
2017/06/08 17:06:57 INFO  - jmeter.threads.JMeterThread: Thread finished: 3GPP Contexts 1-20 
2017/06/08 17:06:57 INFO  - jmeter.threads.JMeterThread: Thread is done: 3GPP Contexts 1-14 
2017/06/08 17:06:57 INFO  - jmeter.threads.JMeterThread: Thread finished: 3GPP Contexts 1-14 
2017/06/08 17:06:57 INFO  - jmeter.threads.JMeterThread: Thread is done: 3GPP Contexts 1-15 
2017/06/08 17:06:57 INFO  - jmeter.threads.JMeterThread: Thread finished: 3GPP Contexts 1-15 
2017/06/08 17:06:57 INFO  - jmeter.threads.JMeterThread: Thread is done: 3GPP Contexts 1-40 
2017/06/08 17:06:57 INFO  - jmeter.threads.JMeterThread: Thread finished: 3GPP Contexts 1-40 
2017/06/08 17:06:57 INFO  - jmeter.threads.JMeterThread: Thread is done: 3GPP Contexts 1-19 
2017/06/08 17:06:57 INFO  - jmeter.threads.JMeterThread: Thread finished: 3GPP Contexts 1-19 
2017/06/08 17:06:57 INFO  - jmeter.threads.JMeterThread: Thread is done: 3GPP Contexts 1-21 
2017/06/08 17:06:57 INFO  - jmeter.threads.JMeterThread: Thread finished: 3GPP Contexts 1-21 
2017/06/08 17:06:57 INFO  - jmeter.threads.JMeterThread: Thread is done: 3GPP Contexts 1-11 
2017/06/08 17:06:57 INFO  - jmeter.threads.JMeterThread: Thread finished: 3GPP Contexts 1-11 
2017/06/08 17:06:58 INFO  - jmeter.threads.JMeterThread: Thread is done: 3GPP Contexts 1-12 
2017/06/08 17:06:58 INFO  - jmeter.threads.JMeterThread: Thread finished: 3GPP Contexts 1-12 
2017/06/08 17:06:58 INFO  - jmeter.threads.JMeterThread: Thread is done: 3GPP Contexts 1-3 
2017/06/08 17:06:58 INFO  - jmeter.threads.JMeterThread: Thread finished: 3GPP Contexts 1-3 
2017/06/08 17:06:58 INFO  - jmeter.threads.JMeterThread: Thread is done: 3GPP Contexts 1-25 
2017/06/08 17:06:58 INFO  - jmeter.threads.JMeterThread: Thread finished: 3GPP Contexts 1-25 
2017/06/08 17:06:58 INFO  - jmeter.threads.JMeterThread: Thread is done: 3GPP Contexts 1-22 
2017/06/08 17:06:58 INFO  - jmeter.threads.JMeterThread: Thread finished: 3GPP Contexts 1-22 
2017/06/08 17:06:58 INFO  - jmeter.threads.JMeterThread: Thread is done: 3GPP Contexts 1-16 
2017/06/08 17:06:58 INFO  - jmeter.threads.JMeterThread: Thread finished: 3GPP Contexts 1-16 
2017/06/08 17:06:58 INFO  - jmeter.threads.JMeterThread: Thread is done: 3GPP Contexts 1-33 
2017/06/08 17:06:58 INFO  - jmeter.threads.JMeterThread: Thread finished: 3GPP Contexts 1-33 
2017/06/08 17:06:58 INFO  - jmeter.threads.JMeterThread: Thread is done: 3GPP Contexts 1-44 
2017/06/08 17:06:58 INFO  - jmeter.threads.JMeterThread: Thread finished: 3GPP Contexts 1-44 
2017/06/08 17:06:58 INFO  - jmeter.threads.JMeterThread: Thread is done: 3GPP Contexts 1-39 
2017/06/08 17:06:58 INFO  - jmeter.threads.JMeterThread: Thread finished: 3GPP Contexts 1-39 
2017/06/08 17:06:58 INFO  - jmeter.threads.JMeterThread: Thread is done: 3GPP Contexts 1-48 
2017/06/08 17:06:58 INFO  - jmeter.threads.JMeterThread: Thread finished: 3GPP Contexts 1-48 
2017/06/08 17:06:58 INFO  - jmeter.threads.JMeterThread: Thread is done: 3GPP Contexts 1-4 
2017/06/08 17:06:58 INFO  - jmeter.threads.JMeterThread: Thread finished: 3GPP Contexts 1-4 
2017/06/08 17:06:58 INFO  - jmeter.threads.JMeterThread: Thread is done: 3GPP Contexts 1-28 
2017/06/08 17:06:58 INFO  - jmeter.threads.JMeterThread: Thread finished: 3GPP Contexts 1-28 
2017/06/08 17:06:58 INFO  - jmeter.threads.JMeterThread: Thread is done: 3GPP Contexts 1-2 
2017/06/08 17:06:58 INFO  - jmeter.threads.JMeterThread: Thread finished: 3GPP Contexts 1-2 
2017/06/08 17:06:58 INFO  - jmeter.threads.JMeterThread: Thread is done: 3GPP Contexts 1-27 
2017/06/08 17:06:58 INFO  - jmeter.threads.JMeterThread: Thread finished: 3GPP Contexts 1-27 
2017/06/08 17:06:58 INFO  - jmeter.threads.JMeterThread: Thread is done: 3GPP Contexts 1-49 
2017/06/08 17:06:58 INFO  - jmeter.threads.JMeterThread: Thread finished: 3GPP Contexts 1-49 
2017/06/08 17:06:59 INFO  - jmeter.threads.JMeterThread: Thread is done: 3GPP Contexts 1-36 
2017/06/08 17:06:59 INFO  - jmeter.threads.JMeterThread: Thread finished: 3GPP Contexts 1-36 
2017/06/08 17:06:59 INFO  - jmeter.threads.JMeterThread: Thread is done: 3GPP Contexts 1-26 
2017/06/08 17:06:59 INFO  - jmeter.threads.JMeterThread: Thread finished: 3GPP Contexts 1-26 
2017/06/08 17:06:59 INFO  - jmeter.threads.JMeterThread: Thread is done: 3GPP Contexts 1-17 
2017/06/08 17:06:59 INFO  - jmeter.threads.JMeterThread: Thread finished: 3GPP Contexts 1-17 
2017/06/08 17:06:59 INFO  - jmeter.threads.JMeterThread: Thread is done: 3GPP Contexts 1-10 
2017/06/08 17:06:59 INFO  - jmeter.threads.JMeterThread: Thread finished: 3GPP Contexts 1-10 
2017/06/08 17:06:59 INFO  - jmeter.threads.JMeterThread: Thread is done: 3GPP Contexts 1-38 
2017/06/08 17:06:59 INFO  - jmeter.threads.JMeterThread: Thread finished: 3GPP Contexts 1-38 
2017/06/08 17:06:59 INFO  - jmeter.threads.JMeterThread: Thread is done: 3GPP Contexts 1-13 
2017/06/08 17:06:59 INFO  - jmeter.threads.JMeterThread: Thread finished: 3GPP Contexts 1-13 
2017/06/08 17:06:59 INFO  - jmeter.threads.JMeterThread: Thread is done: 3GPP Contexts 1-50 
2017/06/08 17:06:59 INFO  - jmeter.threads.JMeterThread: Thread finished: 3GPP Contexts 1-50 
2017/06/08 17:06:59 INFO  - jmeter.threads.JMeterThread: Thread is done: 3GPP Contexts 1-46 
2017/06/08 17:06:59 INFO  - jmeter.threads.JMeterThread: Thread finished: 3GPP Contexts 1-46 
2017/06/08 17:06:59 INFO  - jmeter.threads.JMeterThread: Thread is done: 3GPP Contexts 1-7 
2017/06/08 17:06:59 INFO  - jmeter.threads.JMeterThread: Thread finished: 3GPP Contexts 1-7 
2017/06/08 17:06:59 INFO  - jmeter.threads.JMeterThread: Thread is done: 3GPP Contexts 1-47 
2017/06/08 17:06:59 INFO  - jmeter.threads.JMeterThread: Thread finished: 3GPP Contexts 1-47 
2017/06/08 17:06:59 INFO  - jmeter.threads.JMeterThread: Thread is done: 3GPP Contexts 1-37 
2017/06/08 17:06:59 INFO  - jmeter.threads.JMeterThread: Thread finished: 3GPP Contexts 1-37 
2017/06/08 17:06:59 INFO  - jmeter.threads.JMeterThread: Thread is done: 3GPP Contexts 1-24 
2017/06/08 17:06:59 INFO  - jmeter.threads.JMeterThread: Thread finished: 3GPP Contexts 1-24 
2017/06/08 17:06:59 INFO  - jmeter.threads.JMeterThread: Thread is done: 3GPP Contexts 1-42 
2017/06/08 17:06:59 INFO  - jmeter.threads.JMeterThread: Thread finished: 3GPP Contexts 1-42 
2017/06/08 17:06:59 INFO  - jmeter.threads.JMeterThread: Thread is done: 3GPP Contexts 1-35 
2017/06/08 17:06:59 INFO  - jmeter.threads.JMeterThread: Thread finished: 3GPP Contexts 1-35 
2017/06/08 17:06:59 INFO  - jmeter.threads.JMeterThread: Thread is done: 3GPP Contexts 1-32 
2017/06/08 17:06:59 INFO  - jmeter.threads.JMeterThread: Thread finished: 3GPP Contexts 1-32 
2017/06/08 17:06:59 INFO  - jmeter.threads.JMeterThread: Thread is done: 3GPP Contexts 1-34 
2017/06/08 17:06:59 INFO  - jmeter.threads.JMeterThread: Thread finished: 3GPP Contexts 1-34 
2017/06/08 17:06:59 INFO  - jmeter.threads.JMeterThread: Thread is done: 3GPP Contexts 1-29 
2017/06/08 17:06:59 INFO  - jmeter.threads.JMeterThread: Thread finished: 3GPP Contexts 1-29 
2017/06/08 17:07:00 INFO  - jmeter.reporters.Summariser: summary +  14891 in 00:00:30 =  496.3/s Avg:    44 Min:     1 Max:  3002 Err:     0 (0.00%) Active: 3 Started: 50 Finished: 47 
2017/06/08 17:07:00 INFO  - jmeter.reporters.Summariser: summary =  39981 in 00:01:12 =  553.1/s Avg:    36 Min:     1 Max:  3002 Err:     0 (0.00%) 
2017/06/08 17:07:00 INFO  - jmeter.threads.JMeterThread: Thread is done: 3GPP Contexts 1-41 
2017/06/08 17:07:00 INFO  - jmeter.threads.JMeterThread: Thread finished: 3GPP Contexts 1-41 
2017/06/08 17:07:00 INFO  - jmeter.threads.JMeterThread: Thread is done: 3GPP Contexts 1-23 
2017/06/08 17:07:00 INFO  - jmeter.threads.JMeterThread: Thread finished: 3GPP Contexts 1-23 
2017/06/08 17:07:00 INFO  - jmeter.threads.JMeterThread: Thread is done: 3GPP Contexts 1-43 
2017/06/08 17:07:00 INFO  - jmeter.threads.JMeterThread: Thread finished: 3GPP Contexts 1-43 
2017/06/08 17:07:00 INFO  - jmeter.engine.StandardJMeterEngine: Notifying test listeners of end of test 
2017/06/08 17:07:00 INFO  - jmeter.reporters.Summariser: summary +     19 in 00:00:01 =   20.5/s Avg:    21 Min:     3 Max:   311 Err:     0 (0.00%) Active: 0 Started: 50 Finished: 50 
2017/06/08 17:07:00 INFO  - jmeter.reporters.Summariser: summary =  40000 in 00:01:13 =  546.4/s Avg:    36 Min:     1 Max:  3002 Err:     0 (0.00%) 
