2017-08-24 13:42:09,737 INFO o.a.j.u.JMeterUtils: Setting Locale to en_US
2017-08-24 13:42:09,751 INFO o.a.j.JMeter: Loading user properties from: /usr/local/Cellar/jmeter/3.2/libexec/bin/user.properties
2017-08-24 13:42:09,752 INFO o.a.j.JMeter: Loading system properties from: /usr/local/Cellar/jmeter/3.2/libexec/bin/system.properties
2017-08-24 13:42:09,757 INFO o.a.j.JMeter: Copyright (c) 1998-2017 The Apache Software Foundation
2017-08-24 13:42:09,757 INFO o.a.j.JMeter: Version 3.2 r1790748
2017-08-24 13:42:09,757 INFO o.a.j.JMeter: java.version=1.8.0_131
2017-08-24 13:42:09,758 INFO o.a.j.JMeter: java.vm.name=Java HotSpot(TM) 64-Bit Server VM
2017-08-24 13:42:09,758 INFO o.a.j.JMeter: os.name=Mac OS X
2017-08-24 13:42:09,758 INFO o.a.j.JMeter: os.arch=x86_64
2017-08-24 13:42:09,758 INFO o.a.j.JMeter: os.version=10.12.5
2017-08-24 13:42:09,758 INFO o.a.j.JMeter: file.encoding=UTF-8
2017-08-24 13:42:09,758 INFO o.a.j.JMeter: Max memory     =536870912
2017-08-24 13:42:09,758 INFO o.a.j.JMeter: Available Processors =4
2017-08-24 13:42:09,762 INFO o.a.j.JMeter: Default Locale=English (United States)
2017-08-24 13:42:09,762 INFO o.a.j.JMeter: JMeter  Locale=English (United States)
2017-08-24 13:42:09,762 INFO o.a.j.JMeter: JMeterHome=/usr/local/Cellar/jmeter/3.2/libexec
2017-08-24 13:42:09,762 INFO o.a.j.JMeter: user.dir  =/Users/ryanbrady/fpc-2/fpc/scripts/dpn-mirrorScripts
2017-08-24 13:42:09,762 INFO o.a.j.JMeter: PWD       =/Users/ryanbrady/fpc-2/fpc/scripts/dpn-mirrorScripts
2017-08-24 13:42:14,767 INFO o.a.j.JMeter: IP: 10.215.239.116 Name: Ryans-MacBook-Pro.local FullName: 10.215.239.116
2017-08-24 13:42:16,617 INFO o.a.j.g.a.LookAndFeelCommand: Using look and feel: com.apple.laf.AquaLookAndFeel [Mac OS X, System]
2017-08-24 13:42:16,627 INFO o.a.j.JMeter: Loaded icon properties from org/apache/jmeter/images/icon.properties
2017-08-24 13:42:17,249 INFO o.a.j.e.u.CompoundVariable: Note: Function class names must contain the string: '.functions.'
2017-08-24 13:42:17,250 INFO o.a.j.e.u.CompoundVariable: Note: Function class names must not contain the string: '.gui.'
2017-08-24 13:42:18,293 INFO o.a.j.g.u.MenuFactory: Skipping org.apache.jmeter.assertions.BSFAssertion
2017-08-24 13:42:18,924 INFO o.a.j.g.u.MenuFactory: Skipping org.apache.jmeter.extractor.BSFPostProcessor
2017-08-24 13:42:18,961 INFO o.a.j.g.u.MenuFactory: Skipping org.apache.jmeter.modifiers.BSFPreProcessor
2017-08-24 13:42:18,993 INFO o.a.j.p.h.s.HTTPSamplerBase: Parser for text/html is org.apache.jmeter.protocol.http.parser.LagartoBasedHtmlParser
2017-08-24 13:42:18,993 INFO o.a.j.p.h.s.HTTPSamplerBase: Parser for application/xhtml+xml is org.apache.jmeter.protocol.http.parser.LagartoBasedHtmlParser
2017-08-24 13:42:18,994 INFO o.a.j.p.h.s.HTTPSamplerBase: Parser for application/xml is org.apache.jmeter.protocol.http.parser.LagartoBasedHtmlParser
2017-08-24 13:42:18,994 INFO o.a.j.p.h.s.HTTPSamplerBase: Parser for text/xml is org.apache.jmeter.protocol.http.parser.LagartoBasedHtmlParser
2017-08-24 13:42:18,994 INFO o.a.j.p.h.s.HTTPSamplerBase: Parser for text/vnd.wap.wml is org.apache.jmeter.protocol.http.parser.RegexpHTMLParser
2017-08-24 13:42:18,994 INFO o.a.j.p.h.s.HTTPSamplerBase: Parser for text/css is org.apache.jmeter.protocol.http.parser.CssParser
2017-08-24 13:42:19,463 INFO o.a.j.e.KeyToolUtils: keytool found at 'keytool'
2017-08-24 13:42:19,464 INFO o.a.j.p.h.p.ProxyControl: HTTP(S) Test Script Recorder SSL Proxy will use keys that support embedded 3rd party resources in file /usr/local/Cellar/jmeter/3.2/libexec/bin/proxyserver.jks
2017-08-24 13:42:19,600 INFO o.a.j.g.u.MenuFactory: Skipping org.apache.jmeter.protocol.java.sampler.BSFSampler
2017-08-24 13:42:19,649 INFO o.a.j.s.FileServer: Default base='/Users/ryanbrady/fpc-2/fpc/scripts/dpn-mirrorScripts'
2017-08-24 13:42:19,748 INFO o.a.j.g.u.MenuFactory: Skipping org.apache.jmeter.protocol.mongodb.config.MongoSourceElement
2017-08-24 13:42:19,749 INFO o.a.j.g.u.MenuFactory: Skipping org.apache.jmeter.protocol.mongodb.sampler.MongoScriptSampler
2017-08-24 13:42:19,883 INFO o.a.j.g.u.MenuFactory: Skipping org.apache.jmeter.timers.BSFTimer
2017-08-24 13:42:19,917 INFO o.a.j.g.u.MenuFactory: Skipping org.apache.jmeter.visualizers.BSFListener
2017-08-24 13:42:20,082 INFO o.a.j.s.SampleResult: Note: Sample TimeStamps are START times
2017-08-24 13:42:20,082 INFO o.a.j.s.SampleResult: sampleresult.default.encoding is set to ISO-8859-1
2017-08-24 13:42:20,082 INFO o.a.j.s.SampleResult: sampleresult.useNanoTime=true
2017-08-24 13:42:20,082 INFO o.a.j.s.SampleResult: sampleresult.nanoThreadSleep=5000
2017-08-24 13:42:40,284 INFO o.a.j.g.a.Load: Loading file: /Users/ryanbrady/fpc-2/fpc/jmeter/FPC Agent - LoadTest.jmx
2017-08-24 13:42:40,292 INFO o.a.j.s.FileServer: Set new base='/Users/ryanbrady/fpc-2/fpc/jmeter'
2017-08-24 13:42:40,375 INFO o.a.j.s.SaveService: Testplan (JMX) version: 2.2. Testlog (JTL) version: 2.2
2017-08-24 13:42:40,390 INFO o.a.j.s.SaveService: Using SaveService properties file encoding UTF-8
2017-08-24 13:42:40,392 INFO o.a.j.s.SaveService: Using SaveService properties version 3.2
2017-08-24 13:42:40,396 INFO o.a.j.s.SaveService: Loading file: /Users/ryanbrady/fpc-2/fpc/jmeter/FPC Agent - LoadTest.jmx
2017-08-24 13:42:40,570 INFO o.a.j.s.FileServer: Set new base='/Users/ryanbrady/fpc-2/fpc/jmeter'
2017-08-24 13:42:55,290 INFO o.a.j.e.StandardJMeterEngine: Running the test!
2017-08-24 13:42:55,300 INFO o.a.j.s.SampleEvent: List of sample_variables: []
2017-08-24 13:42:55,300 INFO o.a.j.s.SampleEvent: List of sample_variables: []
2017-08-24 13:42:55,321 INFO o.a.j.g.u.JMeterMenuBar: setRunning(true, *local*)
2017-08-24 13:42:55,575 INFO o.a.j.e.StandardJMeterEngine: Starting ThreadGroup: 1 : 3GPP Contexts
2017-08-24 13:42:55,575 INFO o.a.j.e.StandardJMeterEngine: Starting 40 threads for group 3GPP Contexts.
2017-08-24 13:42:55,575 INFO o.a.j.e.StandardJMeterEngine: Thread will continue on error
2017-08-24 13:42:55,577 INFO o.a.j.t.ThreadGroup: Starting thread group... number=1 threads=40 ramp-up=1 perThread=25.0 delayedStart=false
2017-08-24 13:42:55,596 INFO o.a.j.t.JMeterThread: Thread started: 3GPP Contexts 1-1
2017-08-24 13:42:55,621 INFO o.a.j.t.JMeterThread: Thread started: 3GPP Contexts 1-2
2017-08-24 13:42:55,643 INFO o.a.j.t.ThreadGroup: Started thread group number 1
2017-08-24 13:42:55,643 INFO o.a.j.e.StandardJMeterEngine: All thread groups have been started
2017-08-24 13:42:55,652 INFO o.a.j.p.h.s.HTTPHCAbstractImpl: Local host = Ryans-MacBook-Pro.local
2017-08-24 13:42:55,652 INFO o.a.j.t.JMeterThread: Thread started: 3GPP Contexts 1-3
2017-08-24 13:42:55,660 INFO o.a.j.p.h.s.HTTPHC4Impl: HTTP request retry count = 0
2017-08-24 13:42:55,672 INFO o.a.j.t.JMeterThread: Thread started: 3GPP Contexts 1-4
2017-08-24 13:42:55,697 INFO o.a.j.t.JMeterThread: Thread started: 3GPP Contexts 1-5
2017-08-24 13:42:55,723 INFO o.a.j.t.JMeterThread: Thread started: 3GPP Contexts 1-6
2017-08-24 13:42:55,750 INFO o.a.j.t.JMeterThread: Thread started: 3GPP Contexts 1-7
2017-08-24 13:42:55,774 INFO o.a.j.t.JMeterThread: Thread started: 3GPP Contexts 1-8
2017-08-24 13:42:55,808 INFO o.a.j.t.JMeterThread: Thread started: 3GPP Contexts 1-9
2017-08-24 13:42:55,833 INFO o.a.j.t.JMeterThread: Thread started: 3GPP Contexts 1-10
2017-08-24 13:42:55,866 INFO o.a.j.t.JMeterThread: Thread started: 3GPP Contexts 1-11
2017-08-24 13:42:55,894 INFO o.a.j.t.JMeterThread: Thread started: 3GPP Contexts 1-12
2017-08-24 13:42:55,923 INFO o.a.j.t.JMeterThread: Thread started: 3GPP Contexts 1-13
2017-08-24 13:42:55,947 INFO o.a.j.t.JMeterThread: Thread started: 3GPP Contexts 1-14
2017-08-24 13:42:55,977 INFO o.a.j.t.JMeterThread: Thread started: 3GPP Contexts 1-15
2017-08-24 13:42:56,001 INFO o.a.j.t.JMeterThread: Thread started: 3GPP Contexts 1-16
2017-08-24 13:42:56,024 INFO o.a.j.t.JMeterThread: Thread started: 3GPP Contexts 1-17
2017-08-24 13:42:56,051 INFO o.a.j.t.JMeterThread: Thread started: 3GPP Contexts 1-18
2017-08-24 13:42:56,078 INFO o.a.j.t.JMeterThread: Thread started: 3GPP Contexts 1-19
2017-08-24 13:42:56,103 INFO o.a.j.t.JMeterThread: Thread started: 3GPP Contexts 1-20
2017-08-24 13:42:56,131 INFO o.a.j.t.JMeterThread: Thread started: 3GPP Contexts 1-21
2017-08-24 13:42:56,157 INFO o.a.j.t.JMeterThread: Thread started: 3GPP Contexts 1-22
2017-08-24 13:42:56,181 INFO o.a.j.t.JMeterThread: Thread started: 3GPP Contexts 1-23
2017-08-24 13:42:56,206 INFO o.a.j.t.JMeterThread: Thread started: 3GPP Contexts 1-24
2017-08-24 13:42:56,233 INFO o.a.j.t.JMeterThread: Thread started: 3GPP Contexts 1-25
2017-08-24 13:42:56,259 INFO o.a.j.t.JMeterThread: Thread started: 3GPP Contexts 1-26
2017-08-24 13:42:56,286 INFO o.a.j.t.JMeterThread: Thread started: 3GPP Contexts 1-27
2017-08-24 13:42:56,311 INFO o.a.j.t.JMeterThread: Thread started: 3GPP Contexts 1-28
2017-08-24 13:42:56,336 INFO o.a.j.t.JMeterThread: Thread is done: 3GPP Contexts 1-2
2017-08-24 13:42:56,336 INFO o.a.j.t.JMeterThread: Thread finished: 3GPP Contexts 1-2
2017-08-24 13:42:56,336 INFO o.a.j.t.JMeterThread: Thread started: 3GPP Contexts 1-29
2017-08-24 13:42:56,362 INFO o.a.j.t.JMeterThread: Thread started: 3GPP Contexts 1-30
2017-08-24 13:42:56,369 INFO o.a.j.t.JMeterThread: Thread is done: 3GPP Contexts 1-13
2017-08-24 13:42:56,369 INFO o.a.j.t.JMeterThread: Thread finished: 3GPP Contexts 1-13
2017-08-24 13:42:56,387 INFO o.a.j.t.JMeterThread: Thread started: 3GPP Contexts 1-31
2017-08-24 13:42:56,391 INFO o.a.j.t.JMeterThread: Thread is done: 3GPP Contexts 1-12
2017-08-24 13:42:56,392 INFO o.a.j.t.JMeterThread: Thread finished: 3GPP Contexts 1-12
2017-08-24 13:42:56,410 INFO o.a.j.t.JMeterThread: Thread is done: 3GPP Contexts 1-5
2017-08-24 13:42:56,411 INFO o.a.j.t.JMeterThread: Thread finished: 3GPP Contexts 1-5
2017-08-24 13:42:56,416 INFO o.a.j.t.JMeterThread: Thread started: 3GPP Contexts 1-32
2017-08-24 13:42:56,438 INFO o.a.j.t.JMeterThread: Thread is done: 3GPP Contexts 1-7
2017-08-24 13:42:56,438 INFO o.a.j.t.JMeterThread: Thread finished: 3GPP Contexts 1-7
2017-08-24 13:42:56,442 INFO o.a.j.t.JMeterThread: Thread started: 3GPP Contexts 1-33
2017-08-24 13:42:56,450 INFO o.a.j.t.JMeterThread: Thread is done: 3GPP Contexts 1-10
2017-08-24 13:42:56,450 INFO o.a.j.t.JMeterThread: Thread finished: 3GPP Contexts 1-10
2017-08-24 13:42:56,464 INFO o.a.j.t.JMeterThread: Thread started: 3GPP Contexts 1-34
2017-08-24 13:42:56,468 INFO o.a.j.t.JMeterThread: Thread is done: 3GPP Contexts 1-3
2017-08-24 13:42:56,468 INFO o.a.j.t.JMeterThread: Thread finished: 3GPP Contexts 1-3
2017-08-24 13:42:56,472 INFO o.a.j.t.JMeterThread: Thread is done: 3GPP Contexts 1-8
2017-08-24 13:42:56,472 INFO o.a.j.t.JMeterThread: Thread finished: 3GPP Contexts 1-8
2017-08-24 13:42:56,490 INFO o.a.j.t.JMeterThread: Thread started: 3GPP Contexts 1-35
2017-08-24 13:42:56,497 INFO o.a.j.t.JMeterThread: Thread is done: 3GPP Contexts 1-9
2017-08-24 13:42:56,497 INFO o.a.j.t.JMeterThread: Thread finished: 3GPP Contexts 1-9
2017-08-24 13:42:56,503 INFO o.a.j.t.JMeterThread: Thread is done: 3GPP Contexts 1-4
2017-08-24 13:42:56,504 INFO o.a.j.t.JMeterThread: Thread finished: 3GPP Contexts 1-4
2017-08-24 13:42:56,515 INFO o.a.j.t.JMeterThread: Thread started: 3GPP Contexts 1-36
2017-08-24 13:42:56,529 INFO o.a.j.t.JMeterThread: Thread is done: 3GPP Contexts 1-11
2017-08-24 13:42:56,529 INFO o.a.j.t.JMeterThread: Thread finished: 3GPP Contexts 1-11
2017-08-24 13:42:56,540 INFO o.a.j.t.JMeterThread: Thread is done: 3GPP Contexts 1-19
2017-08-24 13:42:56,540 INFO o.a.j.t.JMeterThread: Thread finished: 3GPP Contexts 1-19
2017-08-24 13:42:56,542 INFO o.a.j.t.JMeterThread: Thread is done: 3GPP Contexts 1-6
2017-08-24 13:42:56,543 INFO o.a.j.t.JMeterThread: Thread started: 3GPP Contexts 1-37
2017-08-24 13:42:56,545 INFO o.a.j.t.JMeterThread: Thread is done: 3GPP Contexts 1-1
2017-08-24 13:42:56,545 INFO o.a.j.t.JMeterThread: Thread finished: 3GPP Contexts 1-6
2017-08-24 13:42:56,545 INFO o.a.j.t.JMeterThread: Thread finished: 3GPP Contexts 1-1
2017-08-24 13:42:56,557 INFO o.a.j.t.JMeterThread: Thread is done: 3GPP Contexts 1-17
2017-08-24 13:42:56,557 INFO o.a.j.t.JMeterThread: Thread finished: 3GPP Contexts 1-17
2017-08-24 13:42:56,568 INFO o.a.j.t.JMeterThread: Thread started: 3GPP Contexts 1-38
2017-08-24 13:42:56,592 INFO o.a.j.t.JMeterThread: Thread is done: 3GPP Contexts 1-16
2017-08-24 13:42:56,592 INFO o.a.j.t.JMeterThread: Thread finished: 3GPP Contexts 1-16
2017-08-24 13:42:56,594 INFO o.a.j.t.JMeterThread: Thread started: 3GPP Contexts 1-39
2017-08-24 13:42:56,611 INFO o.a.j.t.JMeterThread: Thread is done: 3GPP Contexts 1-14
2017-08-24 13:42:56,611 INFO o.a.j.t.JMeterThread: Thread finished: 3GPP Contexts 1-14
2017-08-24 13:42:56,620 INFO o.a.j.t.JMeterThread: Thread started: 3GPP Contexts 1-40
2017-08-24 13:42:56,670 INFO o.a.j.t.JMeterThread: Thread is done: 3GPP Contexts 1-18
2017-08-24 13:42:56,671 INFO o.a.j.t.JMeterThread: Thread finished: 3GPP Contexts 1-18
2017-08-24 13:42:56,683 INFO o.a.j.t.JMeterThread: Thread is done: 3GPP Contexts 1-15
2017-08-24 13:42:56,684 INFO o.a.j.t.JMeterThread: Thread finished: 3GPP Contexts 1-15
2017-08-24 13:42:56,746 INFO o.a.j.t.JMeterThread: Thread is done: 3GPP Contexts 1-20
2017-08-24 13:42:56,746 INFO o.a.j.t.JMeterThread: Thread finished: 3GPP Contexts 1-20
2017-08-24 13:42:56,749 INFO o.a.j.t.JMeterThread: Thread is done: 3GPP Contexts 1-28
2017-08-24 13:42:56,750 INFO o.a.j.t.JMeterThread: Thread finished: 3GPP Contexts 1-28
2017-08-24 13:42:56,753 INFO o.a.j.t.JMeterThread: Thread is done: 3GPP Contexts 1-24
2017-08-24 13:42:56,754 INFO o.a.j.t.JMeterThread: Thread finished: 3GPP Contexts 1-24
2017-08-24 13:42:56,771 INFO o.a.j.t.JMeterThread: Thread is done: 3GPP Contexts 1-21
2017-08-24 13:42:56,771 INFO o.a.j.t.JMeterThread: Thread finished: 3GPP Contexts 1-21
2017-08-24 13:42:56,782 INFO o.a.j.t.JMeterThread: Thread is done: 3GPP Contexts 1-29
2017-08-24 13:42:56,782 INFO o.a.j.t.JMeterThread: Thread finished: 3GPP Contexts 1-29
2017-08-24 13:42:56,795 INFO o.a.j.t.JMeterThread: Thread is done: 3GPP Contexts 1-23
2017-08-24 13:42:56,795 INFO o.a.j.t.JMeterThread: Thread finished: 3GPP Contexts 1-23
2017-08-24 13:42:56,803 INFO o.a.j.t.JMeterThread: Thread is done: 3GPP Contexts 1-25
2017-08-24 13:42:56,803 INFO o.a.j.t.JMeterThread: Thread is done: 3GPP Contexts 1-26
2017-08-24 13:42:56,803 INFO o.a.j.t.JMeterThread: Thread finished: 3GPP Contexts 1-25
2017-08-24 13:42:56,804 INFO o.a.j.t.JMeterThread: Thread finished: 3GPP Contexts 1-26
2017-08-24 13:42:56,848 INFO o.a.j.t.JMeterThread: Thread is done: 3GPP Contexts 1-35
2017-08-24 13:42:56,848 INFO o.a.j.t.JMeterThread: Thread finished: 3GPP Contexts 1-35
2017-08-24 13:42:56,857 INFO o.a.j.t.JMeterThread: Thread is done: 3GPP Contexts 1-22
2017-08-24 13:42:56,858 INFO o.a.j.t.JMeterThread: Thread finished: 3GPP Contexts 1-22
2017-08-24 13:42:56,887 INFO o.a.j.t.JMeterThread: Thread is done: 3GPP Contexts 1-27
2017-08-24 13:42:56,888 INFO o.a.j.t.JMeterThread: Thread finished: 3GPP Contexts 1-27
2017-08-24 13:42:56,905 INFO o.a.j.t.JMeterThread: Thread is done: 3GPP Contexts 1-30
2017-08-24 13:42:56,905 INFO o.a.j.t.JMeterThread: Thread finished: 3GPP Contexts 1-30
2017-08-24 13:42:56,916 INFO o.a.j.t.JMeterThread: Thread is done: 3GPP Contexts 1-32
2017-08-24 13:42:56,917 INFO o.a.j.t.JMeterThread: Thread finished: 3GPP Contexts 1-32
2017-08-24 13:42:56,960 INFO o.a.j.t.JMeterThread: Thread is done: 3GPP Contexts 1-31
2017-08-24 13:42:56,960 INFO o.a.j.t.JMeterThread: Thread finished: 3GPP Contexts 1-31
2017-08-24 13:42:57,030 INFO o.a.j.t.JMeterThread: Thread is done: 3GPP Contexts 1-37
2017-08-24 13:42:57,030 INFO o.a.j.t.JMeterThread: Thread is done: 3GPP Contexts 1-36
2017-08-24 13:42:57,030 INFO o.a.j.t.JMeterThread: Thread finished: 3GPP Contexts 1-37
2017-08-24 13:42:57,030 INFO o.a.j.t.JMeterThread: Thread finished: 3GPP Contexts 1-36
2017-08-24 13:42:57,052 INFO o.a.j.t.JMeterThread: Thread is done: 3GPP Contexts 1-39
2017-08-24 13:42:57,052 INFO o.a.j.t.JMeterThread: Thread finished: 3GPP Contexts 1-39
2017-08-24 13:42:57,055 INFO o.a.j.t.JMeterThread: Thread is done: 3GPP Contexts 1-33
2017-08-24 13:42:57,056 INFO o.a.j.t.JMeterThread: Thread finished: 3GPP Contexts 1-33
2017-08-24 13:42:57,079 INFO o.a.j.t.JMeterThread: Thread is done: 3GPP Contexts 1-34
2017-08-24 13:42:57,079 INFO o.a.j.t.JMeterThread: Thread finished: 3GPP Contexts 1-34
2017-08-24 13:42:57,169 INFO o.a.j.t.JMeterThread: Thread is done: 3GPP Contexts 1-40
2017-08-24 13:42:57,170 INFO o.a.j.t.JMeterThread: Thread finished: 3GPP Contexts 1-40
2017-08-24 13:42:57,190 INFO o.a.j.t.JMeterThread: Thread is done: 3GPP Contexts 1-38
2017-08-24 13:42:57,190 INFO o.a.j.t.JMeterThread: Thread finished: 3GPP Contexts 1-38
2017-08-24 13:42:57,190 INFO o.a.j.e.StandardJMeterEngine: Notifying test listeners of end of test
2017-08-24 13:42:57,191 INFO o.a.j.g.u.JMeterMenuBar: setRunning(false, *local*)
